Lancement de la simulation pour  sur self_correcting
[31;1m2025-05-12 05:18:31,774 - config.py[pid:24134;line:34:build_from_yaml_file] - CRITICAL: Load pipeline config class SimulatorConfig[0m
Traceback (most recent call last):
  File "/gpfs/users/regnaguen/Learning-point-processes/main/simulation/run_simulation.py", line 24, in <module>
    main()
  File "/gpfs/users/regnaguen/Learning-point-processes/main/simulation/run_simulation.py", line 17, in main
    simulator_config = Config.build_from_yaml_file(args.config_dir, experiment_id=args.experiment_id, dataset_id=args.dataset_id)
  File "/gpfs/users/regnaguen/Learning-point-processes/easy_tpp/config_factory/config.py", line 35, in build_from_yaml_file
    return config_cls.parse_from_yaml_config(config, **kwargs)
  File "/gpfs/users/regnaguen/Learning-point-processes/easy_tpp/config_factory/simulator_config.py", line 105, in parse_from_yaml_config
    exp_yaml_config = yaml_config[experiment_id]
  File "/gpfs/workdir/regnaguen/LTPP/lib/python3.9/site-packages/omegaconf/dictconfig.py", line 375, in __getitem__
    self._format_and_raise(key=key, value=None, cause=e)
  File "/gpfs/workdir/regnaguen/LTPP/lib/python3.9/site-packages/omegaconf/base.py", line 231, in _format_and_raise
    format_and_raise(
  File "/gpfs/workdir/regnaguen/LTPP/lib/python3.9/site-packages/omegaconf/_utils.py", line 899, in format_and_raise
    _raise(ex, cause)
  File "/gpfs/workdir/regnaguen/LTPP/lib/python3.9/site-packages/omegaconf/_utils.py", line 797, in _raise
    raise ex.with_traceback(sys.exc_info()[2])  # set env var OC_CAUSE=1 for full trace
  File "/gpfs/workdir/regnaguen/LTPP/lib/python3.9/site-packages/omegaconf/dictconfig.py", line 369, in __getitem__
    return self._get_impl(key=key, default_value=_DEFAULT_MARKER_)
  File "/gpfs/workdir/regnaguen/LTPP/lib/python3.9/site-packages/omegaconf/dictconfig.py", line 442, in _get_impl
    node = self._get_child(
  File "/gpfs/workdir/regnaguen/LTPP/lib/python3.9/site-packages/omegaconf/basecontainer.py", line 73, in _get_child
    child = self._get_node(
  File "/gpfs/workdir/regnaguen/LTPP/lib/python3.9/site-packages/omegaconf/dictconfig.py", line 480, in _get_node
    raise ConfigKeyError(f"Missing key {key!s}")
omegaconf.errors.ConfigKeyError: Missing key 
    full_key: 
    object_type=dict
srun: error: ruche-gpu14: task 0: Exited with exit code 1
