Lancement de la simulation pour IntensityFree sur hawkes1
[31;1m2025-05-15 16:14:48,735 - config.py[pid:31577;line:34:build_from_yaml_file] - CRITICAL: Load pipeline config class SimulatorConfig[0m
Traceback (most recent call last):
  File "/gpfs/users/regnaguen/Learning-point-processes/main/simulation/run_simulation.py", line 24, in <module>
    main()
  File "/gpfs/users/regnaguen/Learning-point-processes/main/simulation/run_simulation.py", line 17, in main
    simulator_config = Config.build_from_yaml_file(args.config_dir, experiment_id=args.experiment_id, dataset_id=args.dataset_id)
  File "/gpfs/users/regnaguen/Learning-point-processes/easy_tpp/config_factory/config.py", line 35, in build_from_yaml_file
    return config_cls.parse_from_yaml_config(config, **kwargs)
  File "/gpfs/users/regnaguen/Learning-point-processes/easy_tpp/config_factory/simulator_config.py", line 126, in parse_from_yaml_config
    return SimulatorConfig(**exp_yaml_config)
  File "/gpfs/users/regnaguen/Learning-point-processes/easy_tpp/config_factory/simulator_config.py", line 67, in __init__
    self.pretrained_model = BaseModel.generate_model_from_config(model_config)
  File "/gpfs/users/regnaguen/Learning-point-processes/easy_tpp/models/basemodel.py", line 133, in generate_model_from_config
    return subclass(model_config, **kwargs)
  File "/gpfs/users/regnaguen/Learning-point-processes/easy_tpp/models/intensity_free.py", line 121, in __init__
    super(IntensityFree, self).__init__(model_config)
  File "/gpfs/users/regnaguen/Learning-point-processes/easy_tpp/models/basemodel.py", line 56, in __init__
    self.layer_type_emb = nn.Embedding(
  File "/gpfs/workdir/regnaguen/LTPP/lib/python3.9/site-packages/torch/nn/modules/sparse.py", line 167, in __init__
    torch.empty((num_embeddings, embedding_dim), **factory_kwargs),
  File "/gpfs/workdir/regnaguen/LTPP/lib/python3.9/site-packages/torch/cuda/__init__.py", line 319, in _lazy_init
    torch._C._cuda_init()
RuntimeError: No CUDA GPUs are available
srun: error: ruche-gpu12: task 0: Exited with exit code 1
