Lancement de la simulation pour THP sur H2expc
[31;1m2025-05-15 14:20:30,329 - config.py[pid:18247;line:34:build_from_yaml_file] - CRITICAL: Load pipeline config class SimulatorConfig[0m
[38;20m2025-05-15 14:20:32,427 - basemodel.py[pid:18247;line:88:__init__] - INFO: Successfully loaded pretrained model from: ../train/checkpoints/THP/H2expc/trained_models/best.ckpt[0m
INFO:datasets:PyTorch version 2.6.0 available.
[38;20m2025-05-15 14:20:48,005 - simulator.py[pid:18247;line:61:run] - INFO: Starting generation of simulations[0m
Generating simulations:   0%|          | 0/10 [00:00<?, ?batch/s]
Simulating sequences:   0%|          | 0/200 [00:00<?, ?time/s][AGenerating simulations:   0%|          | 0/10 [00:00<?, ?batch/s]
Traceback (most recent call last):
  File "/gpfs/users/regnaguen/Learning-point-processes/main/simulation/run_simulation.py", line 24, in <module>
    main()
  File "/gpfs/users/regnaguen/Learning-point-processes/main/simulation/run_simulation.py", line 21, in main
    simulator.run()
  File "/gpfs/users/regnaguen/Learning-point-processes/easy_tpp/simulate/simulator.py", line 73, in run
    time_seq, time_delta_seq, event_seq, simul_mask = model.simulate(batch=batch_values)
  File "/gpfs/users/regnaguen/Learning-point-processes/easy_tpp/models/basemodel.py", line 599, in simulate
    accepted_dtimes, weights = self.event_sampler.draw_next_time_one_step(
  File "/gpfs/users/regnaguen/Learning-point-processes/easy_tpp/models/thinning.py", line 183, in draw_next_time_one_step
    intensity_upper_bound = self.compute_intensity_upper_bound(time_seq,
  File "/gpfs/users/regnaguen/Learning-point-processes/easy_tpp/models/thinning.py", line 61, in compute_intensity_upper_bound
    intensities_for_bound = intensity_fn(
  File "/gpfs/users/regnaguen/Learning-point-processes/easy_tpp/models/thp.py", line 183, in compute_intensities_at_sample_times
    enc_out = self.forward(time_seqs, type_seqs, attention_mask)
  File "/gpfs/users/regnaguen/Learning-point-processes/easy_tpp/models/thp.py", line 69, in forward
    enc_output = self.layer_type_emb(type_seqs)
  File "/gpfs/workdir/regnaguen/LTPP/lib/python3.9/site-packages/torch/nn/modules/module.py", line 1739, in _wrapped_call_impl
    return self._call_impl(*args, **kwargs)
  File "/gpfs/workdir/regnaguen/LTPP/lib/python3.9/site-packages/torch/nn/modules/module.py", line 1750, in _call_impl
    return forward_call(*args, **kwargs)
  File "/gpfs/workdir/regnaguen/LTPP/lib/python3.9/site-packages/torch/nn/modules/sparse.py", line 190, in forward
    return F.embedding(
  File "/gpfs/workdir/regnaguen/LTPP/lib/python3.9/site-packages/torch/nn/functional.py", line 2551, in embedding
    return torch.embedding(weight, input, padding_idx, scale_grad_by_freq, sparse)
RuntimeError: Expected all tensors to be on the same device, but found at least two devices, cpu and cuda:0! (when checking argument for argument index in method wrapper_CUDA__index_select)

                                                               [Asrun: error: ruche-gpu12: task 0: Exited with exit code 1
