[31;1m2025-05-23 17:13:34,431 - config.py[pid:30290;line:34:build_from_yaml_file] - CRITICAL: Load pipeline config class RunnerConfig[0m
[38;20m2025-05-23 17:13:35,599 - trainer.py[pid:30290;line:31:__init__] - INFO: Set torch.set_float32_matmul_precision('medium') for Tensor Cores.[0m
[38;20m2025-05-23 17:13:35,608 - trainer.py[pid:30290;line:74:__init__] - INFO: Loading model from checkpoint: ./checkpoints/IntensityFree/H2expi/trained_models/best.ckpt.[0m
[38;20m2025-05-23 17:13:35,640 - trainer.py[pid:30290;line:198:test] - INFO: --- Starting Testing for Model : IntensityFree on dataset : H2expi ---[0m
Testing: |          | 0/? [00:00<?, ?it/s]Testing:   0%|          | 0/3 [00:00<?, ?it/s]Testing DataLoader 0:   0%|          | 0/3 [00:00<?, ?it/s]Testing DataLoader 0:  33%|â–ˆâ–ˆâ–ˆâ–Ž      | 1/3 [00:02<00:04,  0.41it/s]Testing DataLoader 0:  67%|â–ˆâ–ˆâ–ˆâ–ˆâ–ˆâ–ˆâ–‹   | 2/3 [00:02<00:01,  0.79it/s]Testing DataLoader 0: 100%|â–ˆâ–ˆâ–ˆâ–ˆâ–ˆâ–ˆâ–ˆâ–ˆâ–ˆâ–ˆ| 3/3 [00:02<00:00,  1.16it/s]Testing DataLoader 0: 100%|â–ˆâ–ˆâ–ˆâ–ˆâ–ˆâ–ˆâ–ˆâ–ˆâ–ˆâ–ˆ| 3/3 [00:02<00:00,  1.15it/s]
â”â”â”â”â”â”â”â”â”â”â”â”â”â”â”â”â”â”â”â”â”â”â”â”â”â”â”â”â”³â”â”â”â”â”â”â”â”â”â”â”â”â”â”â”â”â”â”â”â”â”â”â”â”â”â”â”â”“
â”ƒ        Test metric        â”ƒ       DataLoader 0        â”ƒ
â”¡â”â”â”â”â”â”â”â”â”â”â”â”â”â”â”â”â”â”â”â”â”â”â”â”â”â”â”â•‡â”â”â”â”â”â”â”â”â”â”â”â”â”â”â”â”â”â”â”â”â”â”â”â”â”â”â”â”©
â”‚       cross_entropy       â”‚    0.6083694100379944     â”‚
â”‚       macro_f1score       â”‚    62.241600036621094     â”‚
â”‚       micro_f1score       â”‚     70.48719787597656     â”‚
â”‚         precision         â”‚     66.53739929199219     â”‚
â”‚          recall           â”‚     61.79209518432617     â”‚
â”‚         test_loss         â”‚     0.595136284828186     â”‚
â”‚         time_mae          â”‚    0.4721159338951111     â”‚
â”‚         time_rmse         â”‚    0.7939851880073547     â”‚
â”‚       type_accuracy       â”‚     70.48719787597656     â”‚
â””â”€â”€â”€â”€â”€â”€â”€â”€â”€â”€â”€â”€â”€â”€â”€â”€â”€â”€â”€â”€â”€â”€â”€â”€â”€â”€â”€â”´â”€â”€â”€â”€â”€â”€â”€â”€â”€â”€â”€â”€â”€â”€â”€â”€â”€â”€â”€â”€â”€â”€â”€â”€â”€â”€â”€â”˜
[38;20m2025-05-23 17:14:15,121 - trainer.py[pid:30290;line:220:test] - INFO: Test results saved to ./checkpoints/IntensityFree/H2expi/trained_models/test_results.json[0m
[38;20m2025-05-23 17:14:15,121 - trainer.py[pid:30290;line:228:predict] - INFO: --- Starting Prediction for Model : IntensityFree on dataset : H2expi ---[0m
Predicting: |          | 0/? [00:00<?, ?it/s]Predicting:   0%|          | 0/3 [00:00<?, ?it/s]Predicting DataLoader 0:   0%|          | 0/3 [00:00<?, ?it/s]Predicting DataLoader 0:   0%|          | 0/3 [00:01<?, ?it/s]