[31;1m2025-05-23 17:21:25,897 - config.py[pid:11577;line:34:build_from_yaml_file] - CRITICAL: Load pipeline config class RunnerConfig[0m
[38;20m2025-05-23 17:21:26,947 - trainer.py[pid:11577;line:31:__init__] - INFO: Set torch.set_float32_matmul_precision('medium') for Tensor Cores.[0m
[38;20m2025-05-23 17:21:26,986 - trainer.py[pid:11577;line:74:__init__] - INFO: Loading model from checkpoint: ./checkpoints/IntensityFree/taxi/trained_models/best.ckpt.[0m
[38;20m2025-05-23 17:21:27,036 - trainer.py[pid:11577;line:198:test] - INFO: --- Starting Testing for Model : IntensityFree on dataset : taxi ---[0m
Testing: |          | 0/? [00:00<?, ?it/s]Testing:   0%|          | 0/2 [00:00<?, ?it/s]Testing DataLoader 0:   0%|          | 0/2 [00:00<?, ?it/s]Testing DataLoader 0:  50%|â–ˆâ–ˆâ–ˆâ–ˆâ–ˆ     | 1/2 [00:04<00:04,  0.25it/s]Testing DataLoader 0: 100%|â–ˆâ–ˆâ–ˆâ–ˆâ–ˆâ–ˆâ–ˆâ–ˆâ–ˆâ–ˆ| 2/2 [00:04<00:00,  0.50it/s]Testing DataLoader 0: 100%|â–ˆâ–ˆâ–ˆâ–ˆâ–ˆâ–ˆâ–ˆâ–ˆâ–ˆâ–ˆ| 2/2 [00:04<00:00,  0.50it/s]
â”â”â”â”â”â”â”â”â”â”â”â”â”â”â”â”â”â”â”â”â”â”â”â”â”â”â”â”â”³â”â”â”â”â”â”â”â”â”â”â”â”â”â”â”â”â”â”â”â”â”â”â”â”â”â”â”â”“
â”ƒ        Test metric        â”ƒ       DataLoader 0        â”ƒ
â”¡â”â”â”â”â”â”â”â”â”â”â”â”â”â”â”â”â”â”â”â”â”â”â”â”â”â”â”â•‡â”â”â”â”â”â”â”â”â”â”â”â”â”â”â”â”â”â”â”â”â”â”â”â”â”â”â”â”©
â”‚       cross_entropy       â”‚    1.5473941564559937     â”‚
â”‚       macro_f1score       â”‚     35.17548751831055     â”‚
â”‚       micro_f1score       â”‚      91.375732421875      â”‚
â”‚         precision         â”‚    44.955604553222656     â”‚
â”‚          recall           â”‚    32.689266204833984     â”‚
â”‚         test_loss         â”‚    -0.5165984034538269    â”‚
â”‚         time_mae          â”‚    152.17430114746094     â”‚
â”‚         time_rmse         â”‚      12364.130859375      â”‚
â”‚       type_accuracy       â”‚      91.375732421875      â”‚
â””â”€â”€â”€â”€â”€â”€â”€â”€â”€â”€â”€â”€â”€â”€â”€â”€â”€â”€â”€â”€â”€â”€â”€â”€â”€â”€â”€â”´â”€â”€â”€â”€â”€â”€â”€â”€â”€â”€â”€â”€â”€â”€â”€â”€â”€â”€â”€â”€â”€â”€â”€â”€â”€â”€â”€â”˜
[38;20m2025-05-23 17:22:02,371 - trainer.py[pid:11577;line:220:test] - INFO: Test results saved to ./checkpoints/IntensityFree/taxi/trained_models/test_results.json[0m
[38;20m2025-05-23 17:22:02,371 - trainer.py[pid:11577;line:228:predict] - INFO: --- Starting Prediction for Model : IntensityFree on dataset : taxi ---[0m
Predicting: |          | 0/? [00:00<?, ?it/s]Predicting:   0%|          | 0/2 [00:00<?, ?it/s]Predicting DataLoader 0:   0%|          | 0/2 [00:00<?, ?it/s]Predicting DataLoader 0:   0%|          | 0/2 [00:00<?, ?it/s]