[31;1m2025-05-23 17:13:34,427 - config.py[pid:30242;line:34:build_from_yaml_file] - CRITICAL: Load pipeline config class RunnerConfig[0m
[38;20m2025-05-23 17:13:35,398 - trainer.py[pid:30242;line:31:__init__] - INFO: Set torch.set_float32_matmul_precision('medium') for Tensor Cores.[0m
[38;20m2025-05-23 17:13:35,418 - trainer.py[pid:30242;line:74:__init__] - INFO: Loading model from checkpoint: ./checkpoints/IntensityFree/H2expc/trained_models/best.ckpt.[0m
[38;20m2025-05-23 17:13:35,571 - trainer.py[pid:30242;line:198:test] - INFO: --- Starting Testing for Model : IntensityFree on dataset : H2expc ---[0m
Testing: |          | 0/? [00:00<?, ?it/s]Testing:   0%|          | 0/3 [00:00<?, ?it/s]Testing DataLoader 0:   0%|          | 0/3 [00:00<?, ?it/s]Testing DataLoader 0:  33%|â–ˆâ–ˆâ–ˆâ–Ž      | 1/3 [00:02<00:04,  0.48it/s]Testing DataLoader 0:  67%|â–ˆâ–ˆâ–ˆâ–ˆâ–ˆâ–ˆâ–‹   | 2/3 [00:02<00:01,  0.87it/s]Testing DataLoader 0: 100%|â–ˆâ–ˆâ–ˆâ–ˆâ–ˆâ–ˆâ–ˆâ–ˆâ–ˆâ–ˆ| 3/3 [00:02<00:00,  1.25it/s]Testing DataLoader 0: 100%|â–ˆâ–ˆâ–ˆâ–ˆâ–ˆâ–ˆâ–ˆâ–ˆâ–ˆâ–ˆ| 3/3 [00:02<00:00,  1.24it/s]
â”â”â”â”â”â”â”â”â”â”â”â”â”â”â”â”â”â”â”â”â”â”â”â”â”â”â”â”â”³â”â”â”â”â”â”â”â”â”â”â”â”â”â”â”â”â”â”â”â”â”â”â”â”â”â”â”â”“
â”ƒ        Test metric        â”ƒ       DataLoader 0        â”ƒ
â”¡â”â”â”â”â”â”â”â”â”â”â”â”â”â”â”â”â”â”â”â”â”â”â”â”â”â”â”â•‡â”â”â”â”â”â”â”â”â”â”â”â”â”â”â”â”â”â”â”â”â”â”â”â”â”â”â”â”©
â”‚       cross_entropy       â”‚    0.7713303565979004     â”‚
â”‚       macro_f1score       â”‚     53.59563064575195     â”‚
â”‚       micro_f1score       â”‚     54.19225311279297     â”‚
â”‚         precision         â”‚     54.06185531616211     â”‚
â”‚          recall           â”‚    53.906829833984375     â”‚
â”‚         test_loss         â”‚    0.26102909445762634    â”‚
â”‚         time_mae          â”‚    0.2606428563594818     â”‚
â”‚         time_rmse         â”‚    0.5177326202392578     â”‚
â”‚       type_accuracy       â”‚     54.19225311279297     â”‚
â””â”€â”€â”€â”€â”€â”€â”€â”€â”€â”€â”€â”€â”€â”€â”€â”€â”€â”€â”€â”€â”€â”€â”€â”€â”€â”€â”€â”´â”€â”€â”€â”€â”€â”€â”€â”€â”€â”€â”€â”€â”€â”€â”€â”€â”€â”€â”€â”€â”€â”€â”€â”€â”€â”€â”€â”˜
[38;20m2025-05-23 17:14:15,298 - trainer.py[pid:30242;line:220:test] - INFO: Test results saved to ./checkpoints/IntensityFree/H2expc/trained_models/test_results.json[0m
[38;20m2025-05-23 17:14:15,298 - trainer.py[pid:30242;line:228:predict] - INFO: --- Starting Prediction for Model : IntensityFree on dataset : H2expc ---[0m
Predicting: |          | 0/? [00:00<?, ?it/s]Predicting:   0%|          | 0/3 [00:00<?, ?it/s]Predicting DataLoader 0:   0%|          | 0/3 [00:00<?, ?it/s]Predicting DataLoader 0:   0%|          | 0/3 [00:00<?, ?it/s]