[31;1m2025-05-23 17:28:16,512 - config.py[pid:32601;line:34:build_from_yaml_file] - CRITICAL: Load pipeline config class RunnerConfig[0m
[38;20m2025-05-23 17:28:17,125 - trainer.py[pid:32601;line:31:__init__] - INFO: Set torch.set_float32_matmul_precision('medium') for Tensor Cores.[0m
[38;20m2025-05-23 17:28:17,129 - trainer.py[pid:32601;line:74:__init__] - INFO: Loading model from checkpoint: ./checkpoints/RMTPP/amazon/trained_models/best.ckpt.[0m
[38;20m2025-05-23 17:28:17,133 - trainer.py[pid:32601;line:198:test] - INFO: --- Starting Testing for Model : RMTPP on dataset : amazon ---[0m
Testing: |          | 0/? [00:00<?, ?it/s]Testing:   0%|          | 0/8 [00:00<?, ?it/s]Testing DataLoader 0:   0%|          | 0/8 [00:00<?, ?it/s]Testing DataLoader 0:  12%|â–ˆâ–Ž        | 1/8 [00:01<00:07,  0.89it/s]Testing DataLoader 0:  25%|â–ˆâ–ˆâ–Œ       | 2/8 [00:01<00:05,  1.08it/s]Testing DataLoader 0:  38%|â–ˆâ–ˆâ–ˆâ–Š      | 3/8 [00:02<00:03,  1.48it/s]Testing DataLoader 0:  50%|â–ˆâ–ˆâ–ˆâ–ˆâ–ˆ     | 4/8 [00:02<00:02,  1.82it/s]Testing DataLoader 0:  62%|â–ˆâ–ˆâ–ˆâ–ˆâ–ˆâ–ˆâ–Ž   | 5/8 [00:02<00:01,  2.12it/s]Testing DataLoader 0:  75%|â–ˆâ–ˆâ–ˆâ–ˆâ–ˆâ–ˆâ–ˆâ–Œ  | 6/8 [00:02<00:00,  2.05it/s]Testing DataLoader 0:  88%|â–ˆâ–ˆâ–ˆâ–ˆâ–ˆâ–ˆâ–ˆâ–ˆâ–Š | 7/8 [00:03<00:00,  2.26it/s]Testing DataLoader 0: 100%|â–ˆâ–ˆâ–ˆâ–ˆâ–ˆâ–ˆâ–ˆâ–ˆâ–ˆâ–ˆ| 8/8 [00:03<00:00,  2.53it/s]Testing DataLoader 0: 100%|â–ˆâ–ˆâ–ˆâ–ˆâ–ˆâ–ˆâ–ˆâ–ˆâ–ˆâ–ˆ| 8/8 [00:03<00:00,  2.53it/s]
â”â”â”â”â”â”â”â”â”â”â”â”â”â”â”â”â”â”â”â”â”â”â”â”â”â”â”â”â”³â”â”â”â”â”â”â”â”â”â”â”â”â”â”â”â”â”â”â”â”â”â”â”â”â”â”â”â”“
â”ƒ        Test metric        â”ƒ       DataLoader 0        â”ƒ
â”¡â”â”â”â”â”â”â”â”â”â”â”â”â”â”â”â”â”â”â”â”â”â”â”â”â”â”â”â•‡â”â”â”â”â”â”â”â”â”â”â”â”â”â”â”â”â”â”â”â”â”â”â”â”â”â”â”â”©
â”‚       cross_entropy       â”‚      2.5338134765625      â”‚
â”‚       macro_f1score       â”‚    12.397455215454102     â”‚
â”‚       micro_f1score       â”‚     34.0775260925293      â”‚
â”‚         precision         â”‚    21.645965576171875     â”‚
â”‚          recall           â”‚    12.472733497619629     â”‚
â”‚         test_loss         â”‚    1.8358711004257202     â”‚
â”‚         time_mae          â”‚    0.4494026005268097     â”‚
â”‚         time_rmse         â”‚     3.186401128768921     â”‚
â”‚       type_accuracy       â”‚     34.0775260925293      â”‚
â””â”€â”€â”€â”€â”€â”€â”€â”€â”€â”€â”€â”€â”€â”€â”€â”€â”€â”€â”€â”€â”€â”€â”€â”€â”€â”€â”€â”´â”€â”€â”€â”€â”€â”€â”€â”€â”€â”€â”€â”€â”€â”€â”€â”€â”€â”€â”€â”€â”€â”€â”€â”€â”€â”€â”€â”˜
[38;20m2025-05-23 17:28:52,022 - trainer.py[pid:32601;line:220:test] - INFO: Test results saved to ./checkpoints/RMTPP/amazon/trained_models/test_results.json[0m
[38;20m2025-05-23 17:28:52,022 - trainer.py[pid:32601;line:228:predict] - INFO: --- Starting Prediction for Model : RMTPP on dataset : amazon ---[0m
Predicting: |          | 0/? [00:00<?, ?it/s]Predicting:   0%|          | 0/8 [00:00<?, ?it/s]Predicting DataLoader 0:   0%|          | 0/8 [00:00<?, ?it/s]Predicting DataLoader 0:   0%|          | 0/8 [00:00<?, ?it/s]