GPU available: True (cuda), used: True
TPU available: False, using: 0 TPU cores
HPU available: False, using: 0 HPUs
INFO:datasets:PyTorch version 2.6.0 available.
Restoring states from the checkpoint path at ./checkpoints/IntensityFree/hawkes1/trained_models/best.ckpt
/gpfs/workdir/regnaguen/LTPP/lib/python3.9/site-packages/pytorch_lightning/callbacks/model_checkpoint.py:362: The dirpath has changed from '/gpfs/users/regnaguen/Learning-point-processes/main/train/IntensityFree/hawkes1/mysterious_octopus_186/trained_models' to '/gpfs/users/regnaguen/Learning-point-processes/main/train/checkpoints/IntensityFree/hawkes1/trained_models', therefore `best_model_score`, `kth_best_model_path`, `kth_value`, `last_model_path` and `best_k_models` won't be reloaded. Only `best_model_path` will be reloaded.
LOCAL_RANK: 0 - CUDA_VISIBLE_DEVICES: [0]
Loaded model weights from the checkpoint at ./checkpoints/IntensityFree/hawkes1/trained_models/best.ckpt
SLURM auto-requeueing enabled. Setting signal handlers.
GPU available: True (cuda), used: True
TPU available: False, using: 0 TPU cores
HPU available: False, using: 0 HPUs
Restoring states from the checkpoint path at ./checkpoints/IntensityFree/hawkes1/trained_models/best.ckpt
LOCAL_RANK: 0 - CUDA_VISIBLE_DEVICES: [0]
Loaded model weights from the checkpoint at ./checkpoints/IntensityFree/hawkes1/trained_models/best.ckpt
SLURM auto-requeueing enabled. Setting signal handlers.

Simulating sequences:   0%|          | 0/200 [00:00<?, ?time/s][ATraceback (most recent call last):
  File "/gpfs/users/regnaguen/Learning-point-processes/main/train/train.py", line 35, in <module>
    main()
  File "/gpfs/users/regnaguen/Learning-point-processes/main/train/train.py", line 31, in main
    plrunner.predict()
  File "/gpfs/users/regnaguen/Learning-point-processes/easy_tpp/runner/trainer.py", line 234, in predict
    predictions = trainer.predict(
  File "/gpfs/workdir/regnaguen/LTPP/lib/python3.9/site-packages/pytorch_lightning/trainer/trainer.py", line 887, in predict
    return call._call_and_handle_interrupt(
  File "/gpfs/workdir/regnaguen/LTPP/lib/python3.9/site-packages/pytorch_lightning/trainer/call.py", line 48, in _call_and_handle_interrupt
    return trainer_fn(*args, **kwargs)
  File "/gpfs/workdir/regnaguen/LTPP/lib/python3.9/site-packages/pytorch_lightning/trainer/trainer.py", line 928, in _predict_impl
    results = self._run(model, ckpt_path=ckpt_path)
  File "/gpfs/workdir/regnaguen/LTPP/lib/python3.9/site-packages/pytorch_lightning/trainer/trainer.py", line 1012, in _run
    results = self._run_stage()
  File "/gpfs/workdir/regnaguen/LTPP/lib/python3.9/site-packages/pytorch_lightning/trainer/trainer.py", line 1051, in _run_stage
    return self.predict_loop.run()
  File "/gpfs/workdir/regnaguen/LTPP/lib/python3.9/site-packages/pytorch_lightning/loops/utilities.py", line 179, in _decorator
    return loop_run(self, *args, **kwargs)
  File "/gpfs/workdir/regnaguen/LTPP/lib/python3.9/site-packages/pytorch_lightning/loops/prediction_loop.py", line 125, in run
    self._predict_step(batch, batch_idx, dataloader_idx, dataloader_iter)
  File "/gpfs/workdir/regnaguen/LTPP/lib/python3.9/site-packages/pytorch_lightning/loops/prediction_loop.py", line 255, in _predict_step
    predictions = call._call_strategy_hook(trainer, "predict_step", *step_args)
  File "/gpfs/workdir/regnaguen/LTPP/lib/python3.9/site-packages/pytorch_lightning/trainer/call.py", line 328, in _call_strategy_hook
    output = fn(*args, **kwargs)
  File "/gpfs/workdir/regnaguen/LTPP/lib/python3.9/site-packages/pytorch_lightning/strategies/strategy.py", line 438, in predict_step
    return self.lightning_module.predict_step(*args, **kwargs)
  File "/gpfs/users/regnaguen/Learning-point-processes/easy_tpp/models/basemodel.py", line 470, in predict_step
    simul_time_seq, simul_time_delta_seq, simul_event_seq, simul_mask = self.simulate(
  File "/gpfs/users/regnaguen/Learning-point-processes/easy_tpp/models/basemodel.py", line 762, in simulate
    accepted_dtimes, weights = self.event_sampler.draw_next_time_one_step(
  File "/gpfs/users/regnaguen/Learning-point-processes/easy_tpp/models/thinning.py", line 183, in draw_next_time_one_step
    intensity_upper_bound = self.compute_intensity_upper_bound(time_seq,
  File "/gpfs/users/regnaguen/Learning-point-processes/easy_tpp/models/thinning.py", line 70, in compute_intensity_upper_bound
    bounds = intensities_for_bound.sum(dim=-1).max(dim=-1)[0] * self.over_sample_rate
AttributeError: 'NoneType' object has no attribute 'sum'

                                                               [Asrun: error: ruche-gpu18: task 0: Exited with exit code 1
