GPU available: True (cuda), used: True
TPU available: False, using: 0 TPU cores
HPU available: False, using: 0 HPUs
INFO:datasets:PyTorch version 2.6.0 available.
LOCAL_RANK: 0 - CUDA_VISIBLE_DEVICES: [0]
SLURM auto-requeueing enabled. Setting signal handlers.
Traceback (most recent call last):
  File "/gpfs/users/regnaguen/Learning-point-processes/main/train/train.py", line 35, in <module>
    main()
  File "/gpfs/users/regnaguen/Learning-point-processes/main/train/train.py", line 29, in main
    plrunner.test()
  File "/gpfs/users/regnaguen/Learning-point-processes/easy_tpp/runner/trainer.py", line 205, in test
    results = trainer.test(
  File "/gpfs/workdir/regnaguen/LTPP/lib/python3.9/site-packages/pytorch_lightning/trainer/trainer.py", line 775, in test
    return call._call_and_handle_interrupt(
  File "/gpfs/workdir/regnaguen/LTPP/lib/python3.9/site-packages/pytorch_lightning/trainer/call.py", line 48, in _call_and_handle_interrupt
    return trainer_fn(*args, **kwargs)
  File "/gpfs/workdir/regnaguen/LTPP/lib/python3.9/site-packages/pytorch_lightning/trainer/trainer.py", line 817, in _test_impl
    results = self._run(model, ckpt_path=ckpt_path)
  File "/gpfs/workdir/regnaguen/LTPP/lib/python3.9/site-packages/pytorch_lightning/trainer/trainer.py", line 1012, in _run
    results = self._run_stage()
  File "/gpfs/workdir/regnaguen/LTPP/lib/python3.9/site-packages/pytorch_lightning/trainer/trainer.py", line 1049, in _run_stage
    return self._evaluation_loop.run()
  File "/gpfs/workdir/regnaguen/LTPP/lib/python3.9/site-packages/pytorch_lightning/loops/utilities.py", line 179, in _decorator
    return loop_run(self, *args, **kwargs)
  File "/gpfs/workdir/regnaguen/LTPP/lib/python3.9/site-packages/pytorch_lightning/loops/evaluation_loop.py", line 145, in run
    self._evaluation_step(batch, batch_idx, dataloader_idx, dataloader_iter)
  File "/gpfs/workdir/regnaguen/LTPP/lib/python3.9/site-packages/pytorch_lightning/loops/evaluation_loop.py", line 437, in _evaluation_step
    output = call._call_strategy_hook(trainer, hook_name, *step_args)
  File "/gpfs/workdir/regnaguen/LTPP/lib/python3.9/site-packages/pytorch_lightning/trainer/call.py", line 328, in _call_strategy_hook
    output = fn(*args, **kwargs)
  File "/gpfs/workdir/regnaguen/LTPP/lib/python3.9/site-packages/pytorch_lightning/strategies/strategy.py", line 425, in test_step
    return self.lightning_module.test_step(*args, **kwargs)
  File "/gpfs/users/regnaguen/Learning-point-processes/easy_tpp/models/basemodel.py", line 400, in test_step
    loss, num_events = self.loglike_loss(batch)
  File "/gpfs/users/regnaguen/Learning-point-processes/easy_tpp/models/attnhp.py", line 226, in loglike_loss
    lambda_t_sample = self.compute_intensities_at_sample_times(time_seqs[:, :-1],
  File "/gpfs/users/regnaguen/Learning-point-processes/easy_tpp/models/attnhp.py", line 314, in compute_intensities_at_sample_times
    encoder_output = self.compute_states_at_sample_times(time_seqs, type_seqs, attention_mask, sample_dtimes)
  File "/gpfs/users/regnaguen/Learning-point-processes/easy_tpp/models/attnhp.py", line 276, in compute_states_at_sample_times
    encoder_output = self.forward(_times,
  File "/gpfs/users/regnaguen/Learning-point-processes/easy_tpp/models/attnhp.py", line 195, in forward
    cur_layer_ = self.forward_pass(init_cur_layer, time_emb, sample_time_emb, event_emb, combined_mask)
  File "/gpfs/users/regnaguen/Learning-point-processes/easy_tpp/models/attnhp.py", line 106, in forward_pass
    enc_output = enc_layer(_combined_input, combined_mask)
  File "/gpfs/workdir/regnaguen/LTPP/lib/python3.9/site-packages/torch/nn/modules/module.py", line 1739, in _wrapped_call_impl
    return self._call_impl(*args, **kwargs)
  File "/gpfs/workdir/regnaguen/LTPP/lib/python3.9/site-packages/torch/nn/modules/module.py", line 1750, in _call_impl
    return forward_call(*args, **kwargs)
  File "/gpfs/users/regnaguen/Learning-point-processes/easy_tpp/models/baselayer.py", line 115, in forward
    x = self.self_attn(x, x, x, mask)
  File "/gpfs/workdir/regnaguen/LTPP/lib/python3.9/site-packages/torch/nn/modules/module.py", line 1739, in _wrapped_call_impl
    return self._call_impl(*args, **kwargs)
  File "/gpfs/workdir/regnaguen/LTPP/lib/python3.9/site-packages/torch/nn/modules/module.py", line 1750, in _call_impl
    return forward_call(*args, **kwargs)
  File "/gpfs/users/regnaguen/Learning-point-processes/easy_tpp/models/baselayer.py", line 69, in forward
    x, attn_weight = attention(query, key, value, mask=mask, dropout=self.dropout)
  File "/gpfs/users/regnaguen/Learning-point-processes/easy_tpp/models/baselayer.py", line 10, in attention
    scores = torch.matmul(query, key.transpose(-2, -1)) / math.sqrt(d_k)
torch.OutOfMemoryError: CUDA out of memory. Tried to allocate 21.72 GiB. GPU 0 has a total capacity of 39.39 GiB of which 8.58 GiB is free. Including non-PyTorch memory, this process has 30.80 GiB memory in use. Of the allocated memory 30.08 GiB is allocated by PyTorch, and 234.96 MiB is reserved by PyTorch but unallocated. If reserved but unallocated memory is large try setting PYTORCH_CUDA_ALLOC_CONF=expandable_segments:True to avoid fragmentation.  See documentation for Memory Management  (https://pytorch.org/docs/stable/notes/cuda.html#environment-variables)
srun: error: ruche-gpu13: task 0: Exited with exit code 1
