GPU available: True (cuda), used: True
TPU available: False, using: 0 TPU cores
HPU available: False, using: 0 HPUs
INFO:datasets:PyTorch version 2.6.0 available.
INFO:easy_tpp.preprocess.data_loader:Train dataset created with 1300 sequences
INFO:easy_tpp.preprocess.data_loader:Validation dataset created with 200 sequences
LOCAL_RANK: 0 - CUDA_VISIBLE_DEVICES: [0]

  | Name           | Type      | Params | Mode 
-----------------------------------------------------
0 | layer_type_emb | Embedding | 576    | train
1 | layer_rnn      | GRU       | 6.4 K  | train
2 | mark_linear    | Linear    | 594    | train
3 | linear         | Linear    | 99     | train
-----------------------------------------------------
7.7 K     Trainable params
0         Non-trainable params
7.7 K     Total params
0.031     Total estimated model params size (MB)
4         Modules in train mode
0         Modules in eval mode
SLURM auto-requeueing enabled. Setting signal handlers.
Metric val_loss improved. New best score: 0.264
Metric val_loss improved by 0.519 >= min_delta = 0.0. New best score: -0.255
Metric val_loss improved by 0.496 >= min_delta = 0.0. New best score: -0.751
Metric val_loss improved by 0.158 >= min_delta = 0.0. New best score: -0.909
Metric val_loss improved by 0.084 >= min_delta = 0.0. New best score: -0.993
Metric val_loss improved by 0.057 >= min_delta = 0.0. New best score: -1.050
Metric val_loss improved by 0.040 >= min_delta = 0.0. New best score: -1.090
Metric val_loss improved by 0.029 >= min_delta = 0.0. New best score: -1.119
Metric val_loss improved by 0.021 >= min_delta = 0.0. New best score: -1.141
Metric val_loss improved by 0.016 >= min_delta = 0.0. New best score: -1.156
Metric val_loss improved by 0.012 >= min_delta = 0.0. New best score: -1.169
Metric val_loss improved by 0.010 >= min_delta = 0.0. New best score: -1.179
Metric val_loss improved by 0.008 >= min_delta = 0.0. New best score: -1.187
Metric val_loss improved by 0.007 >= min_delta = 0.0. New best score: -1.194
Metric val_loss improved by 0.005 >= min_delta = 0.0. New best score: -1.199
Metric val_loss improved by 0.004 >= min_delta = 0.0. New best score: -1.204
Metric val_loss improved by 0.004 >= min_delta = 0.0. New best score: -1.207
Metric val_loss improved by 0.003 >= min_delta = 0.0. New best score: -1.210
Metric val_loss improved by 0.002 >= min_delta = 0.0. New best score: -1.213
Metric val_loss improved by 0.002 >= min_delta = 0.0. New best score: -1.215
Metric val_loss improved by 0.002 >= min_delta = 0.0. New best score: -1.216
Metric val_loss improved by 0.002 >= min_delta = 0.0. New best score: -1.218
Metric val_loss improved by 0.001 >= min_delta = 0.0. New best score: -1.219
Metric val_loss improved by 0.001 >= min_delta = 0.0. New best score: -1.221
Metric val_loss improved by 0.001 >= min_delta = 0.0. New best score: -1.222
Metric val_loss improved by 0.001 >= min_delta = 0.0. New best score: -1.223
Metric val_loss improved by 0.001 >= min_delta = 0.0. New best score: -1.223
Metric val_loss improved by 0.001 >= min_delta = 0.0. New best score: -1.224
Metric val_loss improved by 0.001 >= min_delta = 0.0. New best score: -1.225
Metric val_loss improved by 0.000 >= min_delta = 0.0. New best score: -1.225
Metric val_loss improved by 0.000 >= min_delta = 0.0. New best score: -1.226
Metric val_loss improved by 0.000 >= min_delta = 0.0. New best score: -1.226
Metric val_loss improved by 0.000 >= min_delta = 0.0. New best score: -1.226
Metric val_loss improved by 0.000 >= min_delta = 0.0. New best score: -1.226
Metric val_loss improved by 0.000 >= min_delta = 0.0. New best score: -1.226
Metric val_loss improved by 0.000 >= min_delta = 0.0. New best score: -1.226
Monitored metric val_loss did not improve in the last 20 records. Best score: -1.226. Signaling Trainer to stop.
GPU available: True (cuda), used: True
TPU available: False, using: 0 TPU cores
HPU available: False, using: 0 HPUs
Restoring states from the checkpoint path at ./checkpoints/IntensityFree/taobao/trained_models/best.ckpt
LOCAL_RANK: 0 - CUDA_VISIBLE_DEVICES: [0]
Loaded model weights from the checkpoint at ./checkpoints/IntensityFree/taobao/trained_models/best.ckpt
SLURM auto-requeueing enabled. Setting signal handlers.
GPU available: True (cuda), used: True
TPU available: False, using: 0 TPU cores
HPU available: False, using: 0 HPUs
Restoring states from the checkpoint path at ./checkpoints/IntensityFree/taobao/trained_models/best.ckpt
LOCAL_RANK: 0 - CUDA_VISIBLE_DEVICES: [0]
Loaded model weights from the checkpoint at ./checkpoints/IntensityFree/taobao/trained_models/best.ckpt
SLURM auto-requeueing enabled. Setting signal handlers.

Simulating sequences:   0%|          | 0/200 [00:00<?, ?time/s][ATraceback (most recent call last):
  File "/gpfs/users/regnaguen/Learning-point-processes/main/train/train.py", line 35, in <module>
    main()
  File "/gpfs/users/regnaguen/Learning-point-processes/main/train/train.py", line 31, in main
    plrunner.predict()
  File "/gpfs/users/regnaguen/Learning-point-processes/easy_tpp/runner/trainer.py", line 234, in predict
    predictions = trainer.predict(
  File "/gpfs/workdir/regnaguen/LTPP/lib/python3.9/site-packages/pytorch_lightning/trainer/trainer.py", line 887, in predict
    return call._call_and_handle_interrupt(
  File "/gpfs/workdir/regnaguen/LTPP/lib/python3.9/site-packages/pytorch_lightning/trainer/call.py", line 48, in _call_and_handle_interrupt
    return trainer_fn(*args, **kwargs)
  File "/gpfs/workdir/regnaguen/LTPP/lib/python3.9/site-packages/pytorch_lightning/trainer/trainer.py", line 928, in _predict_impl
    results = self._run(model, ckpt_path=ckpt_path)
  File "/gpfs/workdir/regnaguen/LTPP/lib/python3.9/site-packages/pytorch_lightning/trainer/trainer.py", line 1012, in _run
    results = self._run_stage()
  File "/gpfs/workdir/regnaguen/LTPP/lib/python3.9/site-packages/pytorch_lightning/trainer/trainer.py", line 1051, in _run_stage
    return self.predict_loop.run()
  File "/gpfs/workdir/regnaguen/LTPP/lib/python3.9/site-packages/pytorch_lightning/loops/utilities.py", line 179, in _decorator
    return loop_run(self, *args, **kwargs)
  File "/gpfs/workdir/regnaguen/LTPP/lib/python3.9/site-packages/pytorch_lightning/loops/prediction_loop.py", line 125, in run
    self._predict_step(batch, batch_idx, dataloader_idx, dataloader_iter)
  File "/gpfs/workdir/regnaguen/LTPP/lib/python3.9/site-packages/pytorch_lightning/loops/prediction_loop.py", line 255, in _predict_step
    predictions = call._call_strategy_hook(trainer, "predict_step", *step_args)
  File "/gpfs/workdir/regnaguen/LTPP/lib/python3.9/site-packages/pytorch_lightning/trainer/call.py", line 328, in _call_strategy_hook
    output = fn(*args, **kwargs)
  File "/gpfs/workdir/regnaguen/LTPP/lib/python3.9/site-packages/pytorch_lightning/strategies/strategy.py", line 438, in predict_step
    return self.lightning_module.predict_step(*args, **kwargs)
  File "/gpfs/users/regnaguen/Learning-point-processes/easy_tpp/models/basemodel.py", line 470, in predict_step
    simul_time_seq, simul_time_delta_seq, simul_event_seq, simul_mask = self.simulate(
  File "/gpfs/users/regnaguen/Learning-point-processes/easy_tpp/models/basemodel.py", line 762, in simulate
    accepted_dtimes, weights = self.event_sampler.draw_next_time_one_step(
  File "/gpfs/users/regnaguen/Learning-point-processes/easy_tpp/models/thinning.py", line 183, in draw_next_time_one_step
    intensity_upper_bound = self.compute_intensity_upper_bound(time_seq,
  File "/gpfs/users/regnaguen/Learning-point-processes/easy_tpp/models/thinning.py", line 70, in compute_intensity_upper_bound
    bounds = intensities_for_bound.sum(dim=-1).max(dim=-1)[0] * self.over_sample_rate
AttributeError: 'NoneType' object has no attribute 'sum'

                                                               [Asrun: error: ruche-gpu17: task 0: Exited with exit code 1
