[31;1m2025-05-23 17:09:19,682 - config.py[pid:29615;line:34:build_from_yaml_file] - CRITICAL: Load pipeline config class RunnerConfig[0m
[38;20m2025-05-23 17:09:20,058 - trainer.py[pid:29615;line:31:__init__] - INFO: Set torch.set_float32_matmul_precision('medium') for Tensor Cores.[0m
[38;20m2025-05-23 17:09:20,656 - trainer.py[pid:29615;line:74:__init__] - INFO: Loading model from checkpoint: ./checkpoints/THP/taxi/trained_models/best.ckpt.[0m
[38;20m2025-05-23 17:09:21,746 - trainer.py[pid:29615;line:198:test] - INFO: --- Starting Testing for Model : THP on dataset : taxi ---[0m
Testing: |          | 0/? [00:00<?, ?it/s]Testing:   0%|          | 0/7 [00:00<?, ?it/s]Testing DataLoader 0:   0%|          | 0/7 [00:00<?, ?it/s]Testing DataLoader 0:  14%|â–ˆâ–        | 1/7 [00:01<00:07,  0.79it/s]Testing DataLoader 0:  29%|â–ˆâ–ˆâ–Š       | 2/7 [00:01<00:03,  1.52it/s]Testing DataLoader 0:  43%|â–ˆâ–ˆâ–ˆâ–ˆâ–Ž     | 3/7 [00:01<00:01,  2.21it/s]Testing DataLoader 0:  57%|â–ˆâ–ˆâ–ˆâ–ˆâ–ˆâ–‹    | 4/7 [00:01<00:01,  2.86it/s]Testing DataLoader 0:  71%|â–ˆâ–ˆâ–ˆâ–ˆâ–ˆâ–ˆâ–ˆâ–  | 5/7 [00:01<00:00,  3.47it/s]Testing DataLoader 0:  86%|â–ˆâ–ˆâ–ˆâ–ˆâ–ˆâ–ˆâ–ˆâ–ˆâ–Œ | 6/7 [00:01<00:00,  4.06it/s]Testing DataLoader 0: 100%|â–ˆâ–ˆâ–ˆâ–ˆâ–ˆâ–ˆâ–ˆâ–ˆâ–ˆâ–ˆ| 7/7 [00:01<00:00,  4.63it/s]Testing DataLoader 0: 100%|â–ˆâ–ˆâ–ˆâ–ˆâ–ˆâ–ˆâ–ˆâ–ˆâ–ˆâ–ˆ| 7/7 [00:01<00:00,  4.60it/s]
â”â”â”â”â”â”â”â”â”â”â”â”â”â”â”â”â”â”â”â”â”â”â”â”â”â”â”â”â”³â”â”â”â”â”â”â”â”â”â”â”â”â”â”â”â”â”â”â”â”â”â”â”â”â”â”â”â”“
â”ƒ        Test metric        â”ƒ       DataLoader 0        â”ƒ
â”¡â”â”â”â”â”â”â”â”â”â”â”â”â”â”â”â”â”â”â”â”â”â”â”â”â”â”â”â•‡â”â”â”â”â”â”â”â”â”â”â”â”â”â”â”â”â”â”â”â”â”â”â”â”â”â”â”â”©
â”‚       cross_entropy       â”‚    1.5569087266921997     â”‚
â”‚       macro_f1score       â”‚     40.99384307861328     â”‚
â”‚       micro_f1score       â”‚     90.42424774169922     â”‚
â”‚         precision         â”‚     47.83148956298828     â”‚
â”‚          recall           â”‚     38.33370590209961     â”‚
â”‚         test_loss         â”‚    -0.4055386483669281    â”‚
â”‚         time_mae          â”‚    0.1858115792274475     â”‚
â”‚         time_rmse         â”‚    0.33761918544769287    â”‚
â”‚       type_accuracy       â”‚     90.42424774169922     â”‚
â””â”€â”€â”€â”€â”€â”€â”€â”€â”€â”€â”€â”€â”€â”€â”€â”€â”€â”€â”€â”€â”€â”€â”€â”€â”€â”€â”€â”´â”€â”€â”€â”€â”€â”€â”€â”€â”€â”€â”€â”€â”€â”€â”€â”€â”€â”€â”€â”€â”€â”€â”€â”€â”€â”€â”€â”˜
[38;20m2025-05-23 17:10:02,985 - trainer.py[pid:29615;line:220:test] - INFO: Test results saved to ./checkpoints/THP/taxi/trained_models/test_results.json[0m
[38;20m2025-05-23 17:10:02,985 - trainer.py[pid:29615;line:228:predict] - INFO: --- Starting Prediction for Model : THP on dataset : taxi ---[0m
Predicting: |          | 0/? [00:00<?, ?it/s]Predicting:   0%|          | 0/7 [00:00<?, ?it/s]Predicting DataLoader 0:   0%|          | 0/7 [00:00<?, ?it/s]Predicting DataLoader 0:   0%|          | 0/7 [00:00<?, ?it/s]