[31;1m2025-05-23 17:18:01,456 - config.py[pid:30933;line:34:build_from_yaml_file] - CRITICAL: Load pipeline config class RunnerConfig[0m
[38;20m2025-05-23 17:18:01,949 - trainer.py[pid:30933;line:31:__init__] - INFO: Set torch.set_float32_matmul_precision('medium') for Tensor Cores.[0m
[38;20m2025-05-23 17:18:01,968 - trainer.py[pid:30933;line:74:__init__] - INFO: Loading model from checkpoint: ./checkpoints/IntensityFree/taobao/trained_models/best.ckpt.[0m
[38;20m2025-05-23 17:18:02,339 - trainer.py[pid:30933;line:198:test] - INFO: --- Starting Testing for Model : IntensityFree on dataset : taobao ---[0m
Testing: |          | 0/? [00:00<?, ?it/s]Testing:   0%|          | 0/2 [00:00<?, ?it/s]Testing DataLoader 0:   0%|          | 0/2 [00:00<?, ?it/s]Testing DataLoader 0:  50%|â–ˆâ–ˆâ–ˆâ–ˆâ–ˆ     | 1/2 [00:01<00:01,  0.61it/s]Testing DataLoader 0: 100%|â–ˆâ–ˆâ–ˆâ–ˆâ–ˆâ–ˆâ–ˆâ–ˆâ–ˆâ–ˆ| 2/2 [00:01<00:00,  1.20it/s]Testing DataLoader 0: 100%|â–ˆâ–ˆâ–ˆâ–ˆâ–ˆâ–ˆâ–ˆâ–ˆâ–ˆâ–ˆ| 2/2 [00:01<00:00,  1.19it/s]
â”â”â”â”â”â”â”â”â”â”â”â”â”â”â”â”â”â”â”â”â”â”â”â”â”â”â”â”â”³â”â”â”â”â”â”â”â”â”â”â”â”â”â”â”â”â”â”â”â”â”â”â”â”â”â”â”â”“
â”ƒ        Test metric        â”ƒ       DataLoader 0        â”ƒ
â”¡â”â”â”â”â”â”â”â”â”â”â”â”â”â”â”â”â”â”â”â”â”â”â”â”â”â”â”â•‡â”â”â”â”â”â”â”â”â”â”â”â”â”â”â”â”â”â”â”â”â”â”â”â”â”â”â”â”©
â”‚       cross_entropy       â”‚    2.3202407360076904     â”‚
â”‚       macro_f1score       â”‚    44.103458404541016     â”‚
â”‚       micro_f1score       â”‚     60.9262580871582      â”‚
â”‚         precision         â”‚     49.72229766845703     â”‚
â”‚          recall           â”‚    40.550987243652344     â”‚
â”‚         test_loss         â”‚    -1.352621078491211     â”‚
â”‚         time_mae          â”‚       21780.7421875       â”‚
â”‚         time_rmse         â”‚         2560116.0         â”‚
â”‚       type_accuracy       â”‚     60.9262580871582      â”‚
â””â”€â”€â”€â”€â”€â”€â”€â”€â”€â”€â”€â”€â”€â”€â”€â”€â”€â”€â”€â”€â”€â”€â”€â”€â”€â”€â”€â”´â”€â”€â”€â”€â”€â”€â”€â”€â”€â”€â”€â”€â”€â”€â”€â”€â”€â”€â”€â”€â”€â”€â”€â”€â”€â”€â”€â”˜
[38;20m2025-05-23 17:18:32,402 - trainer.py[pid:30933;line:220:test] - INFO: Test results saved to ./checkpoints/IntensityFree/taobao/trained_models/test_results.json[0m
[38;20m2025-05-23 17:18:32,402 - trainer.py[pid:30933;line:228:predict] - INFO: --- Starting Prediction for Model : IntensityFree on dataset : taobao ---[0m
Predicting: |          | 0/? [00:00<?, ?it/s]Predicting:   0%|          | 0/2 [00:00<?, ?it/s]Predicting DataLoader 0:   0%|          | 0/2 [00:00<?, ?it/s]Predicting DataLoader 0:   0%|          | 0/2 [00:00<?, ?it/s]