[31;1m2025-05-23 17:00:28,225 - config.py[pid:28388;line:34:build_from_yaml_file] - CRITICAL: Load pipeline config class RunnerConfig[0m
[38;20m2025-05-23 17:00:28,700 - trainer.py[pid:28388;line:31:__init__] - INFO: Set torch.set_float32_matmul_precision('medium') for Tensor Cores.[0m
[38;20m2025-05-23 17:00:28,719 - trainer.py[pid:28388;line:74:__init__] - INFO: Loading model from checkpoint: ./checkpoints/NHP/taobao/trained_models/best.ckpt.[0m
[38;20m2025-05-23 17:00:29,682 - trainer.py[pid:28388;line:198:test] - INFO: --- Starting Testing for Model : NHP on dataset : taobao ---[0m
Testing: |          | 0/? [00:00<?, ?it/s]Testing:   0%|          | 0/4 [00:00<?, ?it/s]Testing DataLoader 0:   0%|          | 0/4 [00:00<?, ?it/s]Testing DataLoader 0:  25%|â–ˆâ–ˆâ–Œ       | 1/4 [00:01<00:05,  0.55it/s]Testing DataLoader 0:  50%|â–ˆâ–ˆâ–ˆâ–ˆâ–ˆ     | 2/4 [00:01<00:01,  1.03it/s]Testing DataLoader 0:  75%|â–ˆâ–ˆâ–ˆâ–ˆâ–ˆâ–ˆâ–ˆâ–Œ  | 3/4 [00:02<00:00,  1.45it/s]Testing DataLoader 0: 100%|â–ˆâ–ˆâ–ˆâ–ˆâ–ˆâ–ˆâ–ˆâ–ˆâ–ˆâ–ˆ| 4/4 [00:02<00:00,  1.82it/s]Testing DataLoader 0: 100%|â–ˆâ–ˆâ–ˆâ–ˆâ–ˆâ–ˆâ–ˆâ–ˆâ–ˆâ–ˆ| 4/4 [00:02<00:00,  1.81it/s]
â”â”â”â”â”â”â”â”â”â”â”â”â”â”â”â”â”â”â”â”â”â”â”â”â”â”â”â”â”³â”â”â”â”â”â”â”â”â”â”â”â”â”â”â”â”â”â”â”â”â”â”â”â”â”â”â”â”“
â”ƒ        Test metric        â”ƒ       DataLoader 0        â”ƒ
â”¡â”â”â”â”â”â”â”â”â”â”â”â”â”â”â”â”â”â”â”â”â”â”â”â”â”â”â”â•‡â”â”â”â”â”â”â”â”â”â”â”â”â”â”â”â”â”â”â”â”â”â”â”â”â”â”â”â”©
â”‚       cross_entropy       â”‚     2.328200101852417     â”‚
â”‚       macro_f1score       â”‚    40.962947845458984     â”‚
â”‚       micro_f1score       â”‚     60.13034439086914     â”‚
â”‚         precision         â”‚     49.08652114868164     â”‚
â”‚          recall           â”‚     37.0717887878418      â”‚
â”‚         test_loss         â”‚    -1.1240452527999878    â”‚
â”‚         time_mae          â”‚    0.06665270775556564    â”‚
â”‚         time_rmse         â”‚    0.1370983123779297     â”‚
â”‚       type_accuracy       â”‚     60.13034439086914     â”‚
â””â”€â”€â”€â”€â”€â”€â”€â”€â”€â”€â”€â”€â”€â”€â”€â”€â”€â”€â”€â”€â”€â”€â”€â”€â”€â”€â”€â”´â”€â”€â”€â”€â”€â”€â”€â”€â”€â”€â”€â”€â”€â”€â”€â”€â”€â”€â”€â”€â”€â”€â”€â”€â”€â”€â”€â”˜
[38;20m2025-05-23 17:01:10,323 - trainer.py[pid:28388;line:220:test] - INFO: Test results saved to ./checkpoints/NHP/taobao/trained_models/test_results.json[0m
[38;20m2025-05-23 17:01:10,323 - trainer.py[pid:28388;line:228:predict] - INFO: --- Starting Prediction for Model : NHP on dataset : taobao ---[0m
Predicting: |          | 0/? [00:00<?, ?it/s]Predicting:   0%|          | 0/4 [00:00<?, ?it/s]Predicting DataLoader 0:   0%|          | 0/4 [00:00<?, ?it/s]Predicting DataLoader 0:   0%|          | 0/4 [00:01<?, ?it/s]