[31;1m2025-05-23 17:09:19,665 - config.py[pid:23564;line:34:build_from_yaml_file] - CRITICAL: Load pipeline config class RunnerConfig[0m
[38;20m2025-05-23 17:09:20,215 - trainer.py[pid:23564;line:31:__init__] - INFO: Set torch.set_float32_matmul_precision('medium') for Tensor Cores.[0m
[38;20m2025-05-23 17:09:20,590 - trainer.py[pid:23564;line:74:__init__] - INFO: Loading model from checkpoint: ./checkpoints/THP/taobao/trained_models/best.ckpt.[0m
[38;20m2025-05-23 17:09:21,746 - trainer.py[pid:23564;line:198:test] - INFO: --- Starting Testing for Model : THP on dataset : taobao ---[0m
Testing: |          | 0/? [00:00<?, ?it/s]Testing:   0%|          | 0/8 [00:00<?, ?it/s]Testing DataLoader 0:   0%|          | 0/8 [00:00<?, ?it/s]Testing DataLoader 0:  12%|â–ˆâ–Ž        | 1/8 [00:01<00:08,  0.87it/s]Testing DataLoader 0:  25%|â–ˆâ–ˆâ–Œ       | 2/8 [00:01<00:03,  1.68it/s]Testing DataLoader 0:  38%|â–ˆâ–ˆâ–ˆâ–Š      | 3/8 [00:01<00:02,  2.46it/s]Testing DataLoader 0:  50%|â–ˆâ–ˆâ–ˆâ–ˆâ–ˆ     | 4/8 [00:01<00:01,  3.21it/s]Testing DataLoader 0:  62%|â–ˆâ–ˆâ–ˆâ–ˆâ–ˆâ–ˆâ–Ž   | 5/8 [00:01<00:00,  3.92it/s]Testing DataLoader 0:  75%|â–ˆâ–ˆâ–ˆâ–ˆâ–ˆâ–ˆâ–ˆâ–Œ  | 6/8 [00:01<00:00,  4.59it/s]Testing DataLoader 0:  88%|â–ˆâ–ˆâ–ˆâ–ˆâ–ˆâ–ˆâ–ˆâ–ˆâ–Š | 7/8 [00:01<00:00,  5.24it/s]Testing DataLoader 0: 100%|â–ˆâ–ˆâ–ˆâ–ˆâ–ˆâ–ˆâ–ˆâ–ˆâ–ˆâ–ˆ| 8/8 [00:01<00:00,  5.87it/s]Testing DataLoader 0: 100%|â–ˆâ–ˆâ–ˆâ–ˆâ–ˆâ–ˆâ–ˆâ–ˆâ–ˆâ–ˆ| 8/8 [00:01<00:00,  5.85it/s]
â”â”â”â”â”â”â”â”â”â”â”â”â”â”â”â”â”â”â”â”â”â”â”â”â”â”â”â”â”³â”â”â”â”â”â”â”â”â”â”â”â”â”â”â”â”â”â”â”â”â”â”â”â”â”â”â”â”“
â”ƒ        Test metric        â”ƒ       DataLoader 0        â”ƒ
â”¡â”â”â”â”â”â”â”â”â”â”â”â”â”â”â”â”â”â”â”â”â”â”â”â”â”â”â”â•‡â”â”â”â”â”â”â”â”â”â”â”â”â”â”â”â”â”â”â”â”â”â”â”â”â”â”â”â”©
â”‚       cross_entropy       â”‚     2.33756422996521      â”‚
â”‚       macro_f1score       â”‚    40.608036041259766     â”‚
â”‚       micro_f1score       â”‚    59.193939208984375     â”‚
â”‚         precision         â”‚     44.86822509765625     â”‚
â”‚          recall           â”‚     38.42373275756836     â”‚
â”‚         test_loss         â”‚    -0.6907416582107544    â”‚
â”‚         time_mae          â”‚    0.05686766281723976    â”‚
â”‚         time_rmse         â”‚    0.12848201394081116    â”‚
â”‚       type_accuracy       â”‚    59.193939208984375     â”‚
â””â”€â”€â”€â”€â”€â”€â”€â”€â”€â”€â”€â”€â”€â”€â”€â”€â”€â”€â”€â”€â”€â”€â”€â”€â”€â”€â”€â”´â”€â”€â”€â”€â”€â”€â”€â”€â”€â”€â”€â”€â”€â”€â”€â”€â”€â”€â”€â”€â”€â”€â”€â”€â”€â”€â”€â”˜
[38;20m2025-05-23 17:10:02,818 - trainer.py[pid:23564;line:220:test] - INFO: Test results saved to ./checkpoints/THP/taobao/trained_models/test_results.json[0m
[38;20m2025-05-23 17:10:02,818 - trainer.py[pid:23564;line:228:predict] - INFO: --- Starting Prediction for Model : THP on dataset : taobao ---[0m
Predicting: |          | 0/? [00:00<?, ?it/s]Predicting:   0%|          | 0/8 [00:00<?, ?it/s]Predicting DataLoader 0:   0%|          | 0/8 [00:00<?, ?it/s]Predicting DataLoader 0:   0%|          | 0/8 [00:00<?, ?it/s]