[31;1m2025-05-23 17:34:43,170 - config.py[pid:3333;line:34:build_from_yaml_file] - CRITICAL: Load pipeline config class RunnerConfig[0m
[38;20m2025-05-23 17:34:44,109 - trainer.py[pid:3333;line:31:__init__] - INFO: Set torch.set_float32_matmul_precision('medium') for Tensor Cores.[0m
[38;20m2025-05-23 17:34:44,247 - trainer.py[pid:3333;line:74:__init__] - INFO: Loading model from checkpoint: ./checkpoints/AttNHP/taxi/trained_models/best.ckpt.[0m
[38;20m2025-05-23 17:34:44,315 - trainer.py[pid:3333;line:198:test] - INFO: --- Starting Testing for Model : AttNHP on dataset : taxi ---[0m
Testing: |          | 0/? [00:00<?, ?it/s]Testing:   0%|          | 0/7 [00:00<?, ?it/s]Testing DataLoader 0:   0%|          | 0/7 [00:00<?, ?it/s]Testing DataLoader 0:  14%|â–ˆâ–        | 1/7 [00:02<00:15,  0.40it/s]Testing DataLoader 0:  29%|â–ˆâ–ˆâ–Š       | 2/7 [00:02<00:06,  0.76it/s]Testing DataLoader 0:  43%|â–ˆâ–ˆâ–ˆâ–ˆâ–Ž     | 3/7 [00:02<00:03,  1.10it/s]Testing DataLoader 0:  57%|â–ˆâ–ˆâ–ˆâ–ˆâ–ˆâ–‹    | 4/7 [00:02<00:02,  1.41it/s]Testing DataLoader 0:  71%|â–ˆâ–ˆâ–ˆâ–ˆâ–ˆâ–ˆâ–ˆâ–  | 5/7 [00:02<00:01,  1.71it/s]Testing DataLoader 0:  86%|â–ˆâ–ˆâ–ˆâ–ˆâ–ˆâ–ˆâ–ˆâ–ˆâ–Œ | 6/7 [00:03<00:00,  1.99it/s]Testing DataLoader 0: 100%|â–ˆâ–ˆâ–ˆâ–ˆâ–ˆâ–ˆâ–ˆâ–ˆâ–ˆâ–ˆ| 7/7 [00:03<00:00,  2.24it/s]Testing DataLoader 0: 100%|â–ˆâ–ˆâ–ˆâ–ˆâ–ˆâ–ˆâ–ˆâ–ˆâ–ˆâ–ˆ| 7/7 [00:03<00:00,  2.24it/s]
â”â”â”â”â”â”â”â”â”â”â”â”â”â”â”â”â”â”â”â”â”â”â”â”â”â”â”â”â”³â”â”â”â”â”â”â”â”â”â”â”â”â”â”â”â”â”â”â”â”â”â”â”â”â”â”â”â”“
â”ƒ        Test metric        â”ƒ       DataLoader 0        â”ƒ
â”¡â”â”â”â”â”â”â”â”â”â”â”â”â”â”â”â”â”â”â”â”â”â”â”â”â”â”â”â•‡â”â”â”â”â”â”â”â”â”â”â”â”â”â”â”â”â”â”â”â”â”â”â”â”â”â”â”â”©
â”‚       cross_entropy       â”‚    1.8640239238739014     â”‚
â”‚       macro_f1score       â”‚    31.607254028320312     â”‚
â”‚       micro_f1score       â”‚    59.712730407714844     â”‚
â”‚         precision         â”‚     36.1813850402832      â”‚
â”‚          recall           â”‚     38.87875747680664     â”‚
â”‚         test_loss         â”‚    -0.4879114627838135    â”‚
â”‚         time_mae          â”‚     20.45964813232422     â”‚
â”‚         time_rmse         â”‚     46.75088882446289     â”‚
â”‚       type_accuracy       â”‚    59.712730407714844     â”‚
â””â”€â”€â”€â”€â”€â”€â”€â”€â”€â”€â”€â”€â”€â”€â”€â”€â”€â”€â”€â”€â”€â”€â”€â”€â”€â”€â”€â”´â”€â”€â”€â”€â”€â”€â”€â”€â”€â”€â”€â”€â”€â”€â”€â”€â”€â”€â”€â”€â”€â”€â”€â”€â”€â”€â”€â”˜
[38;20m2025-05-23 17:35:06,455 - trainer.py[pid:3333;line:220:test] - INFO: Test results saved to ./checkpoints/AttNHP/taxi/trained_models/test_results.json[0m
[38;20m2025-05-23 17:35:06,455 - trainer.py[pid:3333;line:228:predict] - INFO: --- Starting Prediction for Model : AttNHP on dataset : taxi ---[0m
Predicting: |          | 0/? [00:00<?, ?it/s]Predicting:   0%|          | 0/7 [00:00<?, ?it/s]Predicting DataLoader 0:   0%|          | 0/7 [00:00<?, ?it/s]Predicting DataLoader 0:   0%|          | 0/7 [00:01<?, ?it/s]