GPU available: True (cuda), used: True
TPU available: False, using: 0 TPU cores
HPU available: False, using: 0 HPUs
INFO:datasets:PyTorch version 2.6.0 available.
INFO:easy_tpp.preprocess.data_loader:Train dataset created with 6454 sequences
INFO:easy_tpp.preprocess.data_loader:Validation dataset created with 922 sequences
LOCAL_RANK: 0 - CUDA_VISIBLE_DEVICES: [0]

  | Name            | Type             | Params | Mode 
-------------------------------------------------------------
0 | layer_type_emb  | Embedding        | 1.1 K  | train
1 | rnn_cell        | ContTimeLSTMCell | 57.8 K | train
2 | layer_intensity | Sequential       | 1.1 K  | train
-------------------------------------------------------------
59.9 K    Trainable params
0         Non-trainable params
59.9 K    Total params
0.240     Total estimated model params size (MB)
7         Modules in train mode
0         Modules in eval mode
SLURM auto-requeueing enabled. Setting signal handlers.
Metric val_loss improved. New best score: 1.948
Metric val_loss improved by 0.643 >= min_delta = 0.0. New best score: 1.305
Metric val_loss improved by 0.328 >= min_delta = 0.0. New best score: 0.977
Metric val_loss improved by 0.175 >= min_delta = 0.0. New best score: 0.802
Metric val_loss improved by 0.216 >= min_delta = 0.0. New best score: 0.587
Metric val_loss improved by 0.265 >= min_delta = 0.0. New best score: 0.322
Metric val_loss improved by 0.125 >= min_delta = 0.0. New best score: 0.197
Metric val_loss improved by 0.069 >= min_delta = 0.0. New best score: 0.128
Metric val_loss improved by 0.067 >= min_delta = 0.0. New best score: 0.061
Metric val_loss improved by 0.049 >= min_delta = 0.0. New best score: 0.012
Metric val_loss improved by 0.038 >= min_delta = 0.0. New best score: -0.026
Metric val_loss improved by 0.030 >= min_delta = 0.0. New best score: -0.056
Metric val_loss improved by 0.027 >= min_delta = 0.0. New best score: -0.083
Metric val_loss improved by 0.024 >= min_delta = 0.0. New best score: -0.107
Metric val_loss improved by 0.021 >= min_delta = 0.0. New best score: -0.128
Metric val_loss improved by 0.018 >= min_delta = 0.0. New best score: -0.146
Metric val_loss improved by 0.017 >= min_delta = 0.0. New best score: -0.163
Metric val_loss improved by 0.015 >= min_delta = 0.0. New best score: -0.179
Metric val_loss improved by 0.014 >= min_delta = 0.0. New best score: -0.193
Metric val_loss improved by 0.016 >= min_delta = 0.0. New best score: -0.208
Metric val_loss improved by 0.017 >= min_delta = 0.0. New best score: -0.226
Metric val_loss improved by 0.013 >= min_delta = 0.0. New best score: -0.238
Metric val_loss improved by 0.012 >= min_delta = 0.0. New best score: -0.250
Metric val_loss improved by 0.010 >= min_delta = 0.0. New best score: -0.260
Metric val_loss improved by 0.009 >= min_delta = 0.0. New best score: -0.270
Metric val_loss improved by 0.010 >= min_delta = 0.0. New best score: -0.279
Metric val_loss improved by 0.008 >= min_delta = 0.0. New best score: -0.287
Metric val_loss improved by 0.007 >= min_delta = 0.0. New best score: -0.294
Metric val_loss improved by 0.007 >= min_delta = 0.0. New best score: -0.302
Metric val_loss improved by 0.007 >= min_delta = 0.0. New best score: -0.308
Metric val_loss improved by 0.006 >= min_delta = 0.0. New best score: -0.314
Metric val_loss improved by 0.007 >= min_delta = 0.0. New best score: -0.320
Metric val_loss improved by 0.006 >= min_delta = 0.0. New best score: -0.326
Metric val_loss improved by 0.005 >= min_delta = 0.0. New best score: -0.331
Metric val_loss improved by 0.004 >= min_delta = 0.0. New best score: -0.335
Metric val_loss improved by 0.005 >= min_delta = 0.0. New best score: -0.341
Metric val_loss improved by 0.003 >= min_delta = 0.0. New best score: -0.344
Metric val_loss improved by 0.004 >= min_delta = 0.0. New best score: -0.348
Metric val_loss improved by 0.004 >= min_delta = 0.0. New best score: -0.352
Metric val_loss improved by 0.005 >= min_delta = 0.0. New best score: -0.357
Metric val_loss improved by 0.003 >= min_delta = 0.0. New best score: -0.360
Metric val_loss improved by 0.003 >= min_delta = 0.0. New best score: -0.363
Metric val_loss improved by 0.003 >= min_delta = 0.0. New best score: -0.366
Metric val_loss improved by 0.003 >= min_delta = 0.0. New best score: -0.369
Metric val_loss improved by 0.003 >= min_delta = 0.0. New best score: -0.372
Metric val_loss improved by 0.003 >= min_delta = 0.0. New best score: -0.375
Metric val_loss improved by 0.004 >= min_delta = 0.0. New best score: -0.379
Metric val_loss improved by 0.003 >= min_delta = 0.0. New best score: -0.382
Metric val_loss improved by 0.002 >= min_delta = 0.0. New best score: -0.384
Metric val_loss improved by 0.002 >= min_delta = 0.0. New best score: -0.386
Metric val_loss improved by 0.002 >= min_delta = 0.0. New best score: -0.388
Metric val_loss improved by 0.002 >= min_delta = 0.0. New best score: -0.390
Metric val_loss improved by 0.002 >= min_delta = 0.0. New best score: -0.392
Metric val_loss improved by 0.002 >= min_delta = 0.0. New best score: -0.393
Metric val_loss improved by 0.001 >= min_delta = 0.0. New best score: -0.395
Metric val_loss improved by 0.000 >= min_delta = 0.0. New best score: -0.395
Metric val_loss improved by 0.001 >= min_delta = 0.0. New best score: -0.396
Metric val_loss improved by 0.002 >= min_delta = 0.0. New best score: -0.399
Metric val_loss improved by 0.001 >= min_delta = 0.0. New best score: -0.400
Metric val_loss improved by 0.002 >= min_delta = 0.0. New best score: -0.401
Metric val_loss improved by 0.001 >= min_delta = 0.0. New best score: -0.402
Metric val_loss improved by 0.002 >= min_delta = 0.0. New best score: -0.404
Metric val_loss improved by 0.001 >= min_delta = 0.0. New best score: -0.405
Metric val_loss improved by 0.002 >= min_delta = 0.0. New best score: -0.406
Metric val_loss improved by 0.000 >= min_delta = 0.0. New best score: -0.407
Metric val_loss improved by 0.002 >= min_delta = 0.0. New best score: -0.409
Metric val_loss improved by 0.001 >= min_delta = 0.0. New best score: -0.409
Metric val_loss improved by 0.001 >= min_delta = 0.0. New best score: -0.410
Metric val_loss improved by 0.001 >= min_delta = 0.0. New best score: -0.411
Metric val_loss improved by 0.001 >= min_delta = 0.0. New best score: -0.412
Metric val_loss improved by 0.001 >= min_delta = 0.0. New best score: -0.413
Metric val_loss improved by 0.000 >= min_delta = 0.0. New best score: -0.413
Metric val_loss improved by 0.000 >= min_delta = 0.0. New best score: -0.414
Metric val_loss improved by 0.001 >= min_delta = 0.0. New best score: -0.414
Metric val_loss improved by 0.000 >= min_delta = 0.0. New best score: -0.415
Metric val_loss improved by 0.001 >= min_delta = 0.0. New best score: -0.416
Metric val_loss improved by 0.000 >= min_delta = 0.0. New best score: -0.416
Metric val_loss improved by 0.001 >= min_delta = 0.0. New best score: -0.417
Metric val_loss improved by 0.000 >= min_delta = 0.0. New best score: -0.417
Metric val_loss improved by 0.000 >= min_delta = 0.0. New best score: -0.417
Metric val_loss improved by 0.001 >= min_delta = 0.0. New best score: -0.418
Metric val_loss improved by 0.000 >= min_delta = 0.0. New best score: -0.419
Metric val_loss improved by 0.001 >= min_delta = 0.0. New best score: -0.419
Metric val_loss improved by 0.000 >= min_delta = 0.0. New best score: -0.419
Metric val_loss improved by 0.001 >= min_delta = 0.0. New best score: -0.420
Metric val_loss improved by 0.000 >= min_delta = 0.0. New best score: -0.420
Metric val_loss improved by 0.000 >= min_delta = 0.0. New best score: -0.420
Metric val_loss improved by 0.001 >= min_delta = 0.0. New best score: -0.421
Metric val_loss improved by 0.000 >= min_delta = 0.0. New best score: -0.421
Metric val_loss improved by 0.000 >= min_delta = 0.0. New best score: -0.421
Metric val_loss improved by 0.000 >= min_delta = 0.0. New best score: -0.421
`Trainer.fit` stopped: `max_epochs=1000` reached.
GPU available: True (cuda), used: True
TPU available: False, using: 0 TPU cores
HPU available: False, using: 0 HPUs
Restoring states from the checkpoint path at ./checkpoints/NHP/amazon/trained_models/best.ckpt
LOCAL_RANK: 0 - CUDA_VISIBLE_DEVICES: [0]
Loaded model weights from the checkpoint at ./checkpoints/NHP/amazon/trained_models/best.ckpt
SLURM auto-requeueing enabled. Setting signal handlers.
GPU available: True (cuda), used: True
TPU available: False, using: 0 TPU cores
HPU available: False, using: 0 HPUs
Restoring states from the checkpoint path at ./checkpoints/NHP/amazon/trained_models/best.ckpt
LOCAL_RANK: 0 - CUDA_VISIBLE_DEVICES: [0]
Loaded model weights from the checkpoint at ./checkpoints/NHP/amazon/trained_models/best.ckpt
SLURM auto-requeueing enabled. Setting signal handlers.

Simulating sequences:   0%|          | 0/200 [00:00<?, ?time/s][A
Simulating sequences:   2%|â–         | 3.2846620082855225/200 [00:00<00:03, 53.56time/s][ATraceback (most recent call last):
  File "/gpfs/users/regnaguen/Learning-point-processes/main/train/train.py", line 35, in <module>
    main()
  File "/gpfs/users/regnaguen/Learning-point-processes/main/train/train.py", line 31, in main
    plrunner.predict()
  File "/gpfs/users/regnaguen/Learning-point-processes/easy_tpp/runner/trainer.py", line 234, in predict
    predictions = trainer.predict(
  File "/gpfs/workdir/regnaguen/LTPP/lib/python3.9/site-packages/pytorch_lightning/trainer/trainer.py", line 887, in predict
    return call._call_and_handle_interrupt(
  File "/gpfs/workdir/regnaguen/LTPP/lib/python3.9/site-packages/pytorch_lightning/trainer/call.py", line 48, in _call_and_handle_interrupt
    return trainer_fn(*args, **kwargs)
  File "/gpfs/workdir/regnaguen/LTPP/lib/python3.9/site-packages/pytorch_lightning/trainer/trainer.py", line 928, in _predict_impl
    results = self._run(model, ckpt_path=ckpt_path)
  File "/gpfs/workdir/regnaguen/LTPP/lib/python3.9/site-packages/pytorch_lightning/trainer/trainer.py", line 1012, in _run
    results = self._run_stage()
  File "/gpfs/workdir/regnaguen/LTPP/lib/python3.9/site-packages/pytorch_lightning/trainer/trainer.py", line 1051, in _run_stage
    return self.predict_loop.run()
  File "/gpfs/workdir/regnaguen/LTPP/lib/python3.9/site-packages/pytorch_lightning/loops/utilities.py", line 179, in _decorator
    return loop_run(self, *args, **kwargs)
  File "/gpfs/workdir/regnaguen/LTPP/lib/python3.9/site-packages/pytorch_lightning/loops/prediction_loop.py", line 125, in run
    self._predict_step(batch, batch_idx, dataloader_idx, dataloader_iter)
  File "/gpfs/workdir/regnaguen/LTPP/lib/python3.9/site-packages/pytorch_lightning/loops/prediction_loop.py", line 255, in _predict_step
    predictions = call._call_strategy_hook(trainer, "predict_step", *step_args)
  File "/gpfs/workdir/regnaguen/LTPP/lib/python3.9/site-packages/pytorch_lightning/trainer/call.py", line 328, in _call_strategy_hook
    output = fn(*args, **kwargs)
  File "/gpfs/workdir/regnaguen/LTPP/lib/python3.9/site-packages/pytorch_lightning/strategies/strategy.py", line 438, in predict_step
    return self.lightning_module.predict_step(*args, **kwargs)
  File "/gpfs/users/regnaguen/Learning-point-processes/easy_tpp/models/basemodel.py", line 470, in predict_step
    simul_time_seq, simul_time_delta_seq, simul_event_seq, simul_mask = self.simulate(
  File "/gpfs/users/regnaguen/Learning-point-processes/easy_tpp/models/basemodel.py", line 802, in simulate
    marked_last_time = torch.where(
RuntimeError: Expected all tensors to be on the same device, but found at least two devices, cuda:0 and cpu!

                                                                                        [Asrun: error: ruche-gpu18: task 0: Exited with exit code 1
