[31;1m2025-05-23 17:28:41,083 - config.py[pid:11553;line:34:build_from_yaml_file] - CRITICAL: Load pipeline config class RunnerConfig[0m
[38;20m2025-05-23 17:28:41,463 - trainer.py[pid:11553;line:31:__init__] - INFO: Set torch.set_float32_matmul_precision('medium') for Tensor Cores.[0m
[38;20m2025-05-23 17:28:41,465 - trainer.py[pid:11553;line:76:__init__] - INFO: Checkpoint not found at None. Starting from scratch.[0m
[38;20m2025-05-23 17:28:41,681 - trainer.py[pid:11553;line:198:test] - INFO: --- Starting Testing for Model : RMTPP on dataset : hawkes2 ---[0m
Testing: |          | 0/? [00:00<?, ?it/s]Testing:   0%|          | 0/12 [00:00<?, ?it/s]Testing DataLoader 0:   0%|          | 0/12 [00:00<?, ?it/s]Testing DataLoader 0:   8%|â–Š         | 1/12 [00:02<00:22,  0.49it/s]Testing DataLoader 0:  17%|â–ˆâ–‹        | 2/12 [00:02<00:13,  0.76it/s]Testing DataLoader 0:  25%|â–ˆâ–ˆâ–Œ       | 3/12 [00:02<00:08,  1.03it/s]Testing DataLoader 0:  33%|â–ˆâ–ˆâ–ˆâ–Ž      | 4/12 [00:02<00:05,  1.35it/s]Testing DataLoader 0:  42%|â–ˆâ–ˆâ–ˆâ–ˆâ–     | 5/12 [00:03<00:04,  1.64it/s]Testing DataLoader 0:  50%|â–ˆâ–ˆâ–ˆâ–ˆâ–ˆ     | 6/12 [00:03<00:03,  1.81it/s]Testing DataLoader 0:  58%|â–ˆâ–ˆâ–ˆâ–ˆâ–ˆâ–Š    | 7/12 [00:03<00:02,  1.94it/s]Testing DataLoader 0:  67%|â–ˆâ–ˆâ–ˆâ–ˆâ–ˆâ–ˆâ–‹   | 8/12 [00:03<00:01,  2.18it/s]Testing DataLoader 0:  75%|â–ˆâ–ˆâ–ˆâ–ˆâ–ˆâ–ˆâ–ˆâ–Œ  | 9/12 [00:03<00:01,  2.40it/s]Testing DataLoader 0:  83%|â–ˆâ–ˆâ–ˆâ–ˆâ–ˆâ–ˆâ–ˆâ–ˆâ–Ž | 10/12 [00:03<00:00,  2.62it/s]Testing DataLoader 0:  92%|â–ˆâ–ˆâ–ˆâ–ˆâ–ˆâ–ˆâ–ˆâ–ˆâ–ˆâ–| 11/12 [00:03<00:00,  2.82it/s]Testing DataLoader 0: 100%|â–ˆâ–ˆâ–ˆâ–ˆâ–ˆâ–ˆâ–ˆâ–ˆâ–ˆâ–ˆ| 12/12 [00:03<00:00,  3.04it/s]Testing DataLoader 0: 100%|â–ˆâ–ˆâ–ˆâ–ˆâ–ˆâ–ˆâ–ˆâ–ˆâ–ˆâ–ˆ| 12/12 [00:03<00:00,  3.03it/s]
â”â”â”â”â”â”â”â”â”â”â”â”â”â”â”â”â”â”â”â”â”â”â”â”â”â”â”â”â”³â”â”â”â”â”â”â”â”â”â”â”â”â”â”â”â”â”â”â”â”â”â”â”â”â”â”â”â”“
â”ƒ        Test metric        â”ƒ       DataLoader 0        â”ƒ
â”¡â”â”â”â”â”â”â”â”â”â”â”â”â”â”â”â”â”â”â”â”â”â”â”â”â”â”â”â•‡â”â”â”â”â”â”â”â”â”â”â”â”â”â”â”â”â”â”â”â”â”â”â”â”â”â”â”â”©
â”‚       cross_entropy       â”‚    0.8208199143409729     â”‚
â”‚       macro_f1score       â”‚     42.35087203979492     â”‚
â”‚       micro_f1score       â”‚    49.244293212890625     â”‚
â”‚         precision         â”‚     49.91631317138672     â”‚
â”‚          recall           â”‚    49.957298278808594     â”‚
â”‚         test_loss         â”‚      8717.3310546875      â”‚
â”‚         time_mae          â”‚      19860.962890625      â”‚
â”‚         time_rmse         â”‚      41385.73828125       â”‚
â”‚       type_accuracy       â”‚    49.244293212890625     â”‚
â””â”€â”€â”€â”€â”€â”€â”€â”€â”€â”€â”€â”€â”€â”€â”€â”€â”€â”€â”€â”€â”€â”€â”€â”€â”€â”€â”€â”´â”€â”€â”€â”€â”€â”€â”€â”€â”€â”€â”€â”€â”€â”€â”€â”€â”€â”€â”€â”€â”€â”€â”€â”€â”€â”€â”€â”˜
[38;20m2025-05-23 17:29:04,208 - trainer.py[pid:11553;line:220:test] - INFO: Test results saved to ./checkpoints/RMTPP/hawkes2/trained_models/test_results.json[0m
[38;20m2025-05-23 17:29:04,208 - trainer.py[pid:11553;line:228:predict] - INFO: --- Starting Prediction for Model : RMTPP on dataset : hawkes2 ---[0m
Predicting: |          | 0/? [00:00<?, ?it/s]Predicting:   0%|          | 0/12 [00:00<?, ?it/s]Predicting DataLoader 0:   0%|          | 0/12 [00:00<?, ?it/s]Predicting DataLoader 0:   0%|          | 0/12 [00:01<?, ?it/s]