GPU available: True (cuda), used: True
TPU available: False, using: 0 TPU cores
HPU available: False, using: 0 HPUs
INFO:datasets:PyTorch version 2.6.0 available.
INFO:easy_tpp.preprocess.data_loader:Train dataset created with 6454 sequences
INFO:easy_tpp.preprocess.data_loader:Validation dataset created with 922 sequences
LOCAL_RANK: 0 - CUDA_VISIBLE_DEVICES: [0]

  | Name                       | Type      | Params | Mode 
-----------------------------------------------------------------
0 | layer_type_emb             | Embedding | 544    | train
1 | layer_temporal_emb         | Linear    | 64     | train
2 | layer_rnn                  | RNN       | 2.1 K  | train
3 | hidden_to_intensity_logits | Linear    | 528    | train
  | other params               | n/a       | 32     | n/a  
-----------------------------------------------------------------
3.3 K     Trainable params
0         Non-trainable params
3.3 K     Total params
0.013     Total estimated model params size (MB)
4         Modules in train mode
0         Modules in eval mode
SLURM auto-requeueing enabled. Setting signal handlers.
Metric val_loss improved. New best score: 2.587
Metric val_loss improved by 0.106 >= min_delta = 0.0. New best score: 2.480
Metric val_loss improved by 0.035 >= min_delta = 0.0. New best score: 2.446
Metric val_loss improved by 0.026 >= min_delta = 0.0. New best score: 2.420
Metric val_loss improved by 0.018 >= min_delta = 0.0. New best score: 2.402
Metric val_loss improved by 0.014 >= min_delta = 0.0. New best score: 2.388
Metric val_loss improved by 0.014 >= min_delta = 0.0. New best score: 2.374
Metric val_loss improved by 0.008 >= min_delta = 0.0. New best score: 2.365
Metric val_loss improved by 0.017 >= min_delta = 0.0. New best score: 2.349
Metric val_loss improved by 0.012 >= min_delta = 0.0. New best score: 2.337
Metric val_loss improved by 0.009 >= min_delta = 0.0. New best score: 2.328
Metric val_loss improved by 0.006 >= min_delta = 0.0. New best score: 2.322
Metric val_loss improved by 0.008 >= min_delta = 0.0. New best score: 2.314
Metric val_loss improved by 0.006 >= min_delta = 0.0. New best score: 2.308
Metric val_loss improved by 0.005 >= min_delta = 0.0. New best score: 2.303
Metric val_loss improved by 0.003 >= min_delta = 0.0. New best score: 2.300
Metric val_loss improved by 0.004 >= min_delta = 0.0. New best score: 2.296
Metric val_loss improved by 0.002 >= min_delta = 0.0. New best score: 2.295
Metric val_loss improved by 0.006 >= min_delta = 0.0. New best score: 2.288
Metric val_loss improved by 0.003 >= min_delta = 0.0. New best score: 2.286
Metric val_loss improved by 0.002 >= min_delta = 0.0. New best score: 2.283
Metric val_loss improved by 0.003 >= min_delta = 0.0. New best score: 2.281
Metric val_loss improved by 0.002 >= min_delta = 0.0. New best score: 2.278
Metric val_loss improved by 0.003 >= min_delta = 0.0. New best score: 2.276
Metric val_loss improved by 0.002 >= min_delta = 0.0. New best score: 2.273
Metric val_loss improved by 0.002 >= min_delta = 0.0. New best score: 2.272
Metric val_loss improved by 0.003 >= min_delta = 0.0. New best score: 2.268
Metric val_loss improved by 0.003 >= min_delta = 0.0. New best score: 2.265
Metric val_loss improved by 0.003 >= min_delta = 0.0. New best score: 2.262
Metric val_loss improved by 0.003 >= min_delta = 0.0. New best score: 2.259
Metric val_loss improved by 0.004 >= min_delta = 0.0. New best score: 2.254
Metric val_loss improved by 0.004 >= min_delta = 0.0. New best score: 2.250
Metric val_loss improved by 0.004 >= min_delta = 0.0. New best score: 2.246
Metric val_loss improved by 0.005 >= min_delta = 0.0. New best score: 2.240
Metric val_loss improved by 0.005 >= min_delta = 0.0. New best score: 2.236
Metric val_loss improved by 0.005 >= min_delta = 0.0. New best score: 2.231
Metric val_loss improved by 0.005 >= min_delta = 0.0. New best score: 2.226
Metric val_loss improved by 0.005 >= min_delta = 0.0. New best score: 2.221
Metric val_loss improved by 0.005 >= min_delta = 0.0. New best score: 2.216
Metric val_loss improved by 0.008 >= min_delta = 0.0. New best score: 2.208
Metric val_loss improved by 0.007 >= min_delta = 0.0. New best score: 2.201
Metric val_loss improved by 0.002 >= min_delta = 0.0. New best score: 2.199
Metric val_loss improved by 0.005 >= min_delta = 0.0. New best score: 2.194
Metric val_loss improved by 0.008 >= min_delta = 0.0. New best score: 2.186
Metric val_loss improved by 0.011 >= min_delta = 0.0. New best score: 2.175
Metric val_loss improved by 0.013 >= min_delta = 0.0. New best score: 2.162
Metric val_loss improved by 0.017 >= min_delta = 0.0. New best score: 2.145
Metric val_loss improved by 0.016 >= min_delta = 0.0. New best score: 2.129
Metric val_loss improved by 0.015 >= min_delta = 0.0. New best score: 2.114
Metric val_loss improved by 0.014 >= min_delta = 0.0. New best score: 2.099
Metric val_loss improved by 0.013 >= min_delta = 0.0. New best score: 2.086
Metric val_loss improved by 0.016 >= min_delta = 0.0. New best score: 2.070
Metric val_loss improved by 0.047 >= min_delta = 0.0. New best score: 2.023
Metric val_loss improved by 0.041 >= min_delta = 0.0. New best score: 1.982
Metric val_loss improved by 0.034 >= min_delta = 0.0. New best score: 1.948
Metric val_loss improved by 0.017 >= min_delta = 0.0. New best score: 1.932
Metric val_loss improved by 0.011 >= min_delta = 0.0. New best score: 1.921
Metric val_loss improved by 0.010 >= min_delta = 0.0. New best score: 1.910
Metric val_loss improved by 0.007 >= min_delta = 0.0. New best score: 1.903
Metric val_loss improved by 0.006 >= min_delta = 0.0. New best score: 1.898
Metric val_loss improved by 0.005 >= min_delta = 0.0. New best score: 1.892
Metric val_loss improved by 0.005 >= min_delta = 0.0. New best score: 1.888
Metric val_loss improved by 0.005 >= min_delta = 0.0. New best score: 1.883
Metric val_loss improved by 0.003 >= min_delta = 0.0. New best score: 1.880
Metric val_loss improved by 0.003 >= min_delta = 0.0. New best score: 1.877
Metric val_loss improved by 0.002 >= min_delta = 0.0. New best score: 1.874
Metric val_loss improved by 0.001 >= min_delta = 0.0. New best score: 1.873
Metric val_loss improved by 0.003 >= min_delta = 0.0. New best score: 1.871
Metric val_loss improved by 0.002 >= min_delta = 0.0. New best score: 1.869
Metric val_loss improved by 0.002 >= min_delta = 0.0. New best score: 1.867
Metric val_loss improved by 0.002 >= min_delta = 0.0. New best score: 1.865
Metric val_loss improved by 0.002 >= min_delta = 0.0. New best score: 1.863
Metric val_loss improved by 0.001 >= min_delta = 0.0. New best score: 1.862
Metric val_loss improved by 0.001 >= min_delta = 0.0. New best score: 1.860
Metric val_loss improved by 0.001 >= min_delta = 0.0. New best score: 1.859
Metric val_loss improved by 0.001 >= min_delta = 0.0. New best score: 1.858
Metric val_loss improved by 0.001 >= min_delta = 0.0. New best score: 1.857
Metric val_loss improved by 0.003 >= min_delta = 0.0. New best score: 1.854
Metric val_loss improved by 0.001 >= min_delta = 0.0. New best score: 1.854
Metric val_loss improved by 0.001 >= min_delta = 0.0. New best score: 1.853
Metric val_loss improved by 0.001 >= min_delta = 0.0. New best score: 1.852
Metric val_loss improved by 0.000 >= min_delta = 0.0. New best score: 1.852
Metric val_loss improved by 0.001 >= min_delta = 0.0. New best score: 1.852
Metric val_loss improved by 0.000 >= min_delta = 0.0. New best score: 1.851
Metric val_loss improved by 0.000 >= min_delta = 0.0. New best score: 1.851
Metric val_loss improved by 0.001 >= min_delta = 0.0. New best score: 1.850
Metric val_loss improved by 0.000 >= min_delta = 0.0. New best score: 1.850
Metric val_loss improved by 0.001 >= min_delta = 0.0. New best score: 1.850
Metric val_loss improved by 0.000 >= min_delta = 0.0. New best score: 1.849
Metric val_loss improved by 0.000 >= min_delta = 0.0. New best score: 1.849
Metric val_loss improved by 0.000 >= min_delta = 0.0. New best score: 1.849
Metric val_loss improved by 0.000 >= min_delta = 0.0. New best score: 1.849
Metric val_loss improved by 0.000 >= min_delta = 0.0. New best score: 1.848
Metric val_loss improved by 0.000 >= min_delta = 0.0. New best score: 1.848
Metric val_loss improved by 0.000 >= min_delta = 0.0. New best score: 1.848
Metric val_loss improved by 0.000 >= min_delta = 0.0. New best score: 1.848
Metric val_loss improved by 0.000 >= min_delta = 0.0. New best score: 1.848
Metric val_loss improved by 0.000 >= min_delta = 0.0. New best score: 1.848
`Trainer.fit` stopped: `max_epochs=1000` reached.
GPU available: True (cuda), used: True
TPU available: False, using: 0 TPU cores
HPU available: False, using: 0 HPUs
Restoring states from the checkpoint path at ./checkpoints/RMTPP/amazon/trained_models/best.ckpt
LOCAL_RANK: 0 - CUDA_VISIBLE_DEVICES: [0]
Loaded model weights from the checkpoint at ./checkpoints/RMTPP/amazon/trained_models/best.ckpt
SLURM auto-requeueing enabled. Setting signal handlers.
GPU available: True (cuda), used: True
TPU available: False, using: 0 TPU cores
HPU available: False, using: 0 HPUs
Restoring states from the checkpoint path at ./checkpoints/RMTPP/amazon/trained_models/best.ckpt
LOCAL_RANK: 0 - CUDA_VISIBLE_DEVICES: [0]
Loaded model weights from the checkpoint at ./checkpoints/RMTPP/amazon/trained_models/best.ckpt
SLURM auto-requeueing enabled. Setting signal handlers.

Simulating sequences:   0%|          | 0/200 [00:00<?, ?time/s][A
Simulating sequences:   1%|          | 1.9616169929504395/200 [00:00<00:00, 345.09time/s][ATraceback (most recent call last):
  File "/gpfs/users/regnaguen/Learning-point-processes/main/train/train.py", line 35, in <module>
    main()
  File "/gpfs/users/regnaguen/Learning-point-processes/main/train/train.py", line 31, in main
    plrunner.predict()
  File "/gpfs/users/regnaguen/Learning-point-processes/easy_tpp/runner/trainer.py", line 234, in predict
    predictions = trainer.predict(
  File "/gpfs/workdir/regnaguen/LTPP/lib/python3.9/site-packages/pytorch_lightning/trainer/trainer.py", line 887, in predict
    return call._call_and_handle_interrupt(
  File "/gpfs/workdir/regnaguen/LTPP/lib/python3.9/site-packages/pytorch_lightning/trainer/call.py", line 48, in _call_and_handle_interrupt
    return trainer_fn(*args, **kwargs)
  File "/gpfs/workdir/regnaguen/LTPP/lib/python3.9/site-packages/pytorch_lightning/trainer/trainer.py", line 928, in _predict_impl
    results = self._run(model, ckpt_path=ckpt_path)
  File "/gpfs/workdir/regnaguen/LTPP/lib/python3.9/site-packages/pytorch_lightning/trainer/trainer.py", line 1012, in _run
    results = self._run_stage()
  File "/gpfs/workdir/regnaguen/LTPP/lib/python3.9/site-packages/pytorch_lightning/trainer/trainer.py", line 1051, in _run_stage
    return self.predict_loop.run()
  File "/gpfs/workdir/regnaguen/LTPP/lib/python3.9/site-packages/pytorch_lightning/loops/utilities.py", line 179, in _decorator
    return loop_run(self, *args, **kwargs)
  File "/gpfs/workdir/regnaguen/LTPP/lib/python3.9/site-packages/pytorch_lightning/loops/prediction_loop.py", line 125, in run
    self._predict_step(batch, batch_idx, dataloader_idx, dataloader_iter)
  File "/gpfs/workdir/regnaguen/LTPP/lib/python3.9/site-packages/pytorch_lightning/loops/prediction_loop.py", line 255, in _predict_step
    predictions = call._call_strategy_hook(trainer, "predict_step", *step_args)
  File "/gpfs/workdir/regnaguen/LTPP/lib/python3.9/site-packages/pytorch_lightning/trainer/call.py", line 328, in _call_strategy_hook
    output = fn(*args, **kwargs)
  File "/gpfs/workdir/regnaguen/LTPP/lib/python3.9/site-packages/pytorch_lightning/strategies/strategy.py", line 438, in predict_step
    return self.lightning_module.predict_step(*args, **kwargs)
  File "/gpfs/users/regnaguen/Learning-point-processes/easy_tpp/models/basemodel.py", line 470, in predict_step
    simul_time_seq, simul_time_delta_seq, simul_event_seq, simul_mask = self.simulate(
  File "/gpfs/users/regnaguen/Learning-point-processes/easy_tpp/models/basemodel.py", line 802, in simulate
    marked_last_time = torch.where(
RuntimeError: Expected all tensors to be on the same device, but found at least two devices, cuda:0 and cpu!

                                                                                         [Asrun: error: ruche-gpu18: task 0: Exited with exit code 1
