[31;1m2025-05-23 17:40:34,751 - config.py[pid:27806;line:34:build_from_yaml_file] - CRITICAL: Load pipeline config class RunnerConfig[0m
[38;20m2025-05-23 17:40:35,141 - trainer.py[pid:27806;line:31:__init__] - INFO: Set torch.set_float32_matmul_precision('medium') for Tensor Cores.[0m
[38;20m2025-05-23 17:40:35,660 - trainer.py[pid:27806;line:74:__init__] - INFO: Loading model from checkpoint: ./checkpoints/SAHP/taobao/trained_models/best.ckpt.[0m
[38;20m2025-05-23 17:40:35,670 - trainer.py[pid:27806;line:198:test] - INFO: --- Starting Testing for Model : SAHP on dataset : taobao ---[0m
Testing: |          | 0/? [00:00<?, ?it/s]Testing:   0%|          | 0/8 [00:00<?, ?it/s]Testing DataLoader 0:   0%|          | 0/8 [00:00<?, ?it/s]Testing DataLoader 0:  12%|â–ˆâ–Ž        | 1/8 [00:01<00:08,  0.85it/s]Testing DataLoader 0:  25%|â–ˆâ–ˆâ–Œ       | 2/8 [00:01<00:03,  1.65it/s]Testing DataLoader 0:  38%|â–ˆâ–ˆâ–ˆâ–Š      | 3/8 [00:01<00:02,  2.41it/s]Testing DataLoader 0:  50%|â–ˆâ–ˆâ–ˆâ–ˆâ–ˆ     | 4/8 [00:01<00:01,  3.14it/s]Testing DataLoader 0:  62%|â–ˆâ–ˆâ–ˆâ–ˆâ–ˆâ–ˆâ–Ž   | 5/8 [00:01<00:00,  3.82it/s]Testing DataLoader 0:  75%|â–ˆâ–ˆâ–ˆâ–ˆâ–ˆâ–ˆâ–ˆâ–Œ  | 6/8 [00:01<00:00,  4.48it/s]Testing DataLoader 0:  88%|â–ˆâ–ˆâ–ˆâ–ˆâ–ˆâ–ˆâ–ˆâ–ˆâ–Š | 7/8 [00:01<00:00,  5.12it/s]Testing DataLoader 0: 100%|â–ˆâ–ˆâ–ˆâ–ˆâ–ˆâ–ˆâ–ˆâ–ˆâ–ˆâ–ˆ| 8/8 [00:01<00:00,  5.33it/s]Testing DataLoader 0: 100%|â–ˆâ–ˆâ–ˆâ–ˆâ–ˆâ–ˆâ–ˆâ–ˆâ–ˆâ–ˆ| 8/8 [00:01<00:00,  5.31it/s]
â”â”â”â”â”â”â”â”â”â”â”â”â”â”â”â”â”â”â”â”â”â”â”â”â”â”â”â”â”³â”â”â”â”â”â”â”â”â”â”â”â”â”â”â”â”â”â”â”â”â”â”â”â”â”â”â”â”“
â”ƒ        Test metric        â”ƒ       DataLoader 0        â”ƒ
â”¡â”â”â”â”â”â”â”â”â”â”â”â”â”â”â”â”â”â”â”â”â”â”â”â”â”â”â”â•‡â”â”â”â”â”â”â”â”â”â”â”â”â”â”â”â”â”â”â”â”â”â”â”â”â”â”â”â”©
â”‚       cross_entropy       â”‚     2.337448835372925     â”‚
â”‚       macro_f1score       â”‚    38.820133209228516     â”‚
â”‚       micro_f1score       â”‚    59.205467224121094     â”‚
â”‚         precision         â”‚     43.53672790527344     â”‚
â”‚          recall           â”‚     36.25045394897461     â”‚
â”‚         test_loss         â”‚    -1.0991096496582031    â”‚
â”‚         time_mae          â”‚   0.060202401131391525    â”‚
â”‚         time_rmse         â”‚    0.13024866580963135    â”‚
â”‚       type_accuracy       â”‚    59.205467224121094     â”‚
â””â”€â”€â”€â”€â”€â”€â”€â”€â”€â”€â”€â”€â”€â”€â”€â”€â”€â”€â”€â”€â”€â”€â”€â”€â”€â”€â”€â”´â”€â”€â”€â”€â”€â”€â”€â”€â”€â”€â”€â”€â”€â”€â”€â”€â”€â”€â”€â”€â”€â”€â”€â”€â”€â”€â”€â”˜
[38;20m2025-05-23 17:41:11,761 - trainer.py[pid:27806;line:220:test] - INFO: Test results saved to ./checkpoints/SAHP/taobao/trained_models/test_results.json[0m
[38;20m2025-05-23 17:41:11,761 - trainer.py[pid:27806;line:228:predict] - INFO: --- Starting Prediction for Model : SAHP on dataset : taobao ---[0m
Predicting: |          | 0/? [00:00<?, ?it/s]Predicting:   0%|          | 0/8 [00:00<?, ?it/s]Predicting DataLoader 0:   0%|          | 0/8 [00:00<?, ?it/s]Predicting DataLoader 0:   0%|          | 0/8 [00:00<?, ?it/s]