GPU available: True (cuda), used: True
TPU available: False, using: 0 TPU cores
HPU available: False, using: 0 HPUs
INFO:datasets:PyTorch version 2.6.0 available.
INFO:easy_tpp.preprocess.data_loader:Train dataset created with 9000 sequences
INFO:easy_tpp.preprocess.data_loader:Validation dataset created with 3000 sequences
LOCAL_RANK: 0 - CUDA_VISIBLE_DEVICES: [0]

  | Name            | Type           | Params | Mode 
-----------------------------------------------------------
0 | layer_type_emb  | Embedding      | 48     | train
1 | heads           | ModuleList     | 3.2 K  | train
2 | inten_linear    | Linear         | 66     | train
3 | softplus        | ScaledSoftplus | 2      | train
4 | layer_event_emb | Linear         | 528    | train
5 | layer_intensity | Sequential     | 68     | train
-----------------------------------------------------------
3.8 K     Trainable params
0         Non-trainable params
3.8 K     Total params
0.015     Total estimated model params size (MB)
22        Modules in train mode
0         Modules in eval mode
SLURM auto-requeueing enabled. Setting signal handlers.
Metric val_loss improved. New best score: 2.098
Metric val_loss improved by 0.082 >= min_delta = 0.0. New best score: 2.016
Metric val_loss improved by 0.030 >= min_delta = 0.0. New best score: 1.987
Metric val_loss improved by 0.022 >= min_delta = 0.0. New best score: 1.965
Metric val_loss improved by 0.023 >= min_delta = 0.0. New best score: 1.941
Metric val_loss improved by 0.017 >= min_delta = 0.0. New best score: 1.924
Metric val_loss improved by 0.011 >= min_delta = 0.0. New best score: 1.913
Metric val_loss improved by 0.010 >= min_delta = 0.0. New best score: 1.903
Metric val_loss improved by 0.010 >= min_delta = 0.0. New best score: 1.893
Metric val_loss improved by 0.012 >= min_delta = 0.0. New best score: 1.881
Metric val_loss improved by 0.015 >= min_delta = 0.0. New best score: 1.865
Metric val_loss improved by 0.022 >= min_delta = 0.0. New best score: 1.843
Metric val_loss improved by 0.027 >= min_delta = 0.0. New best score: 1.816
Metric val_loss improved by 0.025 >= min_delta = 0.0. New best score: 1.791
Metric val_loss improved by 0.019 >= min_delta = 0.0. New best score: 1.772
Metric val_loss improved by 0.017 >= min_delta = 0.0. New best score: 1.755
Metric val_loss improved by 0.014 >= min_delta = 0.0. New best score: 1.741
Metric val_loss improved by 0.012 >= min_delta = 0.0. New best score: 1.729
Metric val_loss improved by 0.012 >= min_delta = 0.0. New best score: 1.717
Metric val_loss improved by 0.009 >= min_delta = 0.0. New best score: 1.708
Metric val_loss improved by 0.012 >= min_delta = 0.0. New best score: 1.696
Metric val_loss improved by 0.013 >= min_delta = 0.0. New best score: 1.683
Metric val_loss improved by 0.012 >= min_delta = 0.0. New best score: 1.671
Metric val_loss improved by 0.007 >= min_delta = 0.0. New best score: 1.664
Metric val_loss improved by 0.009 >= min_delta = 0.0. New best score: 1.655
Metric val_loss improved by 0.007 >= min_delta = 0.0. New best score: 1.648
Metric val_loss improved by 0.004 >= min_delta = 0.0. New best score: 1.644
Metric val_loss improved by 0.005 >= min_delta = 0.0. New best score: 1.639
Metric val_loss improved by 0.002 >= min_delta = 0.0. New best score: 1.637
Metric val_loss improved by 0.005 >= min_delta = 0.0. New best score: 1.632
Metric val_loss improved by 0.002 >= min_delta = 0.0. New best score: 1.629
Metric val_loss improved by 0.001 >= min_delta = 0.0. New best score: 1.628
Metric val_loss improved by 0.005 >= min_delta = 0.0. New best score: 1.624
Metric val_loss improved by 0.003 >= min_delta = 0.0. New best score: 1.621
Metric val_loss improved by 0.002 >= min_delta = 0.0. New best score: 1.619
Metric val_loss improved by 0.002 >= min_delta = 0.0. New best score: 1.618
Metric val_loss improved by 0.002 >= min_delta = 0.0. New best score: 1.615
Metric val_loss improved by 0.003 >= min_delta = 0.0. New best score: 1.612
Metric val_loss improved by 0.001 >= min_delta = 0.0. New best score: 1.611
Metric val_loss improved by 0.002 >= min_delta = 0.0. New best score: 1.609
Metric val_loss improved by 0.001 >= min_delta = 0.0. New best score: 1.609
Metric val_loss improved by 0.002 >= min_delta = 0.0. New best score: 1.607
Metric val_loss improved by 0.002 >= min_delta = 0.0. New best score: 1.605
Metric val_loss improved by 0.002 >= min_delta = 0.0. New best score: 1.603
Metric val_loss improved by 0.001 >= min_delta = 0.0. New best score: 1.602
Metric val_loss improved by 0.001 >= min_delta = 0.0. New best score: 1.602
Metric val_loss improved by 0.003 >= min_delta = 0.0. New best score: 1.599
Metric val_loss improved by 0.001 >= min_delta = 0.0. New best score: 1.598
Metric val_loss improved by 0.002 >= min_delta = 0.0. New best score: 1.596
Metric val_loss improved by 0.002 >= min_delta = 0.0. New best score: 1.594
Metric val_loss improved by 0.001 >= min_delta = 0.0. New best score: 1.593
Metric val_loss improved by 0.001 >= min_delta = 0.0. New best score: 1.593
Metric val_loss improved by 0.000 >= min_delta = 0.0. New best score: 1.592
Metric val_loss improved by 0.000 >= min_delta = 0.0. New best score: 1.592
Metric val_loss improved by 0.001 >= min_delta = 0.0. New best score: 1.591
Metric val_loss improved by 0.002 >= min_delta = 0.0. New best score: 1.589
Metric val_loss improved by 0.002 >= min_delta = 0.0. New best score: 1.587
Metric val_loss improved by 0.000 >= min_delta = 0.0. New best score: 1.587
Metric val_loss improved by 0.004 >= min_delta = 0.0. New best score: 1.583
Metric val_loss improved by 0.000 >= min_delta = 0.0. New best score: 1.583
Metric val_loss improved by 0.001 >= min_delta = 0.0. New best score: 1.582
Metric val_loss improved by 0.000 >= min_delta = 0.0. New best score: 1.582
Metric val_loss improved by 0.002 >= min_delta = 0.0. New best score: 1.580
Metric val_loss improved by 0.001 >= min_delta = 0.0. New best score: 1.579
`Trainer.fit` stopped: `max_epochs=1000` reached.
GPU available: True (cuda), used: True
TPU available: False, using: 0 TPU cores
HPU available: False, using: 0 HPUs
Restoring states from the checkpoint path at ./checkpoints/AttNHP/hawkes2/trained_models/best.ckpt
LOCAL_RANK: 0 - CUDA_VISIBLE_DEVICES: [0]
Loaded model weights from the checkpoint at ./checkpoints/AttNHP/hawkes2/trained_models/best.ckpt
SLURM auto-requeueing enabled. Setting signal handlers.
GPU available: True (cuda), used: True
TPU available: False, using: 0 TPU cores
HPU available: False, using: 0 HPUs
Restoring states from the checkpoint path at ./checkpoints/AttNHP/hawkes2/trained_models/best.ckpt
LOCAL_RANK: 0 - CUDA_VISIBLE_DEVICES: [0]
Loaded model weights from the checkpoint at ./checkpoints/AttNHP/hawkes2/trained_models/best.ckpt
SLURM auto-requeueing enabled. Setting signal handlers.

Simulating sequences:   0%|          | 0/200 [00:00<?, ?time/s][A
Simulating sequences:  40%|███▉      | 79.43716430664062/200 [00:00<00:00, 346.20time/s][ATraceback (most recent call last):
  File "/gpfs/users/regnaguen/Learning-point-processes/main/train/train.py", line 35, in <module>
    main()
  File "/gpfs/users/regnaguen/Learning-point-processes/main/train/train.py", line 31, in main
    plrunner.predict()
  File "/gpfs/users/regnaguen/Learning-point-processes/easy_tpp/runner/trainer.py", line 234, in predict
    predictions = trainer.predict(
  File "/gpfs/workdir/regnaguen/LTPP/lib/python3.9/site-packages/pytorch_lightning/trainer/trainer.py", line 887, in predict
    return call._call_and_handle_interrupt(
  File "/gpfs/workdir/regnaguen/LTPP/lib/python3.9/site-packages/pytorch_lightning/trainer/call.py", line 48, in _call_and_handle_interrupt
    return trainer_fn(*args, **kwargs)
  File "/gpfs/workdir/regnaguen/LTPP/lib/python3.9/site-packages/pytorch_lightning/trainer/trainer.py", line 928, in _predict_impl
    results = self._run(model, ckpt_path=ckpt_path)
  File "/gpfs/workdir/regnaguen/LTPP/lib/python3.9/site-packages/pytorch_lightning/trainer/trainer.py", line 1012, in _run
    results = self._run_stage()
  File "/gpfs/workdir/regnaguen/LTPP/lib/python3.9/site-packages/pytorch_lightning/trainer/trainer.py", line 1051, in _run_stage
    return self.predict_loop.run()
  File "/gpfs/workdir/regnaguen/LTPP/lib/python3.9/site-packages/pytorch_lightning/loops/utilities.py", line 179, in _decorator
    return loop_run(self, *args, **kwargs)
  File "/gpfs/workdir/regnaguen/LTPP/lib/python3.9/site-packages/pytorch_lightning/loops/prediction_loop.py", line 125, in run
    self._predict_step(batch, batch_idx, dataloader_idx, dataloader_iter)
  File "/gpfs/workdir/regnaguen/LTPP/lib/python3.9/site-packages/pytorch_lightning/loops/prediction_loop.py", line 255, in _predict_step
    predictions = call._call_strategy_hook(trainer, "predict_step", *step_args)
  File "/gpfs/workdir/regnaguen/LTPP/lib/python3.9/site-packages/pytorch_lightning/trainer/call.py", line 328, in _call_strategy_hook
    output = fn(*args, **kwargs)
  File "/gpfs/workdir/regnaguen/LTPP/lib/python3.9/site-packages/pytorch_lightning/strategies/strategy.py", line 438, in predict_step
    return self.lightning_module.predict_step(*args, **kwargs)
  File "/gpfs/users/regnaguen/Learning-point-processes/easy_tpp/models/basemodel.py", line 470, in predict_step
    simul_time_seq, simul_time_delta_seq, simul_event_seq, simul_mask = self.simulate(
  File "/gpfs/users/regnaguen/Learning-point-processes/easy_tpp/models/basemodel.py", line 802, in simulate
    marked_last_time = torch.where(
RuntimeError: Expected all tensors to be on the same device, but found at least two devices, cuda:0 and cpu!

                                                                                        [Asrun: error: ruche-gpu11: task 0: Exited with exit code 1
