GPU available: True (cuda), used: True
TPU available: False, using: 0 TPU cores
HPU available: False, using: 0 HPUs
INFO:datasets:PyTorch version 2.6.0 available.
Using the latest cached version of the dataset since NzoCs/hawkes1-temporal-dataset couldn't be found on the Hugging Face Hub
WARNING:datasets.load:Using the latest cached version of the dataset since NzoCs/hawkes1-temporal-dataset couldn't be found on the Hugging Face Hub
Found the latest cached dataset configuration 'default' at /gpfs/users/regnaguen/.cache/huggingface/datasets/NzoCs___hawkes1-temporal-dataset/default/0.0.0/75cc29e5325b5ea0c45904b17f8c8c2bbb2543e5 (last modified on Thu Apr 17 13:10:31 2025).
WARNING:datasets.packaged_modules.cache.cache:Found the latest cached dataset configuration 'default' at /gpfs/users/regnaguen/.cache/huggingface/datasets/NzoCs___hawkes1-temporal-dataset/default/0.0.0/75cc29e5325b5ea0c45904b17f8c8c2bbb2543e5 (last modified on Thu Apr 17 13:10:31 2025).
INFO:easy_tpp.preprocess.data_loader:Train dataset created with 9000 sequences
INFO:easy_tpp.preprocess.data_loader:Validation dataset created with 3000 sequences
LOCAL_RANK: 0 - CUDA_VISIBLE_DEVICES: [0]

  | Name                       | Type         | Params | Mode 
--------------------------------------------------------------------
0 | layer_type_emb             | Embedding    | 64     | train
1 | event_sampler              | EventSampler | 0      | train
2 | layer_temporal_emb         | Linear       | 64     | train
3 | layer_rnn                  | RNN          | 2.1 K  | train
4 | hidden_to_intensity_logits | Linear       | 33     | train
  | other params               | n/a          | 2      | n/a  
--------------------------------------------------------------------
2.3 K     Trainable params
0         Non-trainable params
2.3 K     Total params
0.009     Total estimated model params size (MB)
5         Modules in train mode
0         Modules in eval mode
SLURM auto-requeueing enabled. Setting signal handlers.
