GPU available: True (cuda), used: True
TPU available: False, using: 0 TPU cores
HPU available: False, using: 0 HPUs
INFO:datasets:PyTorch version 2.6.0 available.
INFO:easy_tpp.preprocess.data_loader:Train dataset created with 1800 sequences
INFO:easy_tpp.preprocess.data_loader:Validation dataset created with 600 sequences
LOCAL_RANK: 0 - CUDA_VISIBLE_DEVICES: [0]

  | Name            | Type             | Params | Mode 
-------------------------------------------------------------
0 | layer_type_emb  | Embedding        | 96     | train
1 | event_sampler   | EventSampler     | 0      | train
2 | rnn_cell        | ContTimeLSTMCell | 14.6 K | train
3 | layer_intensity | Sequential       | 68     | train
-------------------------------------------------------------
14.7 K    Trainable params
0         Non-trainable params
14.7 K    Total params
0.059     Total estimated model params size (MB)
8         Modules in train mode
0         Modules in eval mode
SLURM auto-requeueing enabled. Setting signal handlers.
`Trainer.fit` stopped: `max_epochs=400` reached.
