GPU available: True (cuda), used: True
TPU available: False, using: 0 TPU cores
HPU available: False, using: 0 HPUs
INFO:datasets:PyTorch version 2.6.0 available.
INFO:easy_tpp.preprocess.data_loader:Train dataset created with 9000 sequences
INFO:easy_tpp.preprocess.data_loader:Validation dataset created with 3000 sequences
LOCAL_RANK: 0 - CUDA_VISIBLE_DEVICES: [0]

  | Name                   | Type                          | Params | Mode 
---------------------------------------------------------------------------------
0 | layer_type_emb         | Embedding                     | 64     | train
1 | event_sampler          | EventSampler                  | 0      | train
2 | layer_position_emb     | TimeShiftedPositionalEncoding | 16     | train
3 | layer_intensity_hidden | Linear                        | 33     | train
4 | softplus               | ScaledSoftplus                | 1      | train
5 | stack_layers           | ModuleList                    | 6.3 K  | train
6 | mu                     | Sequential                    | 32     | train
7 | eta                    | Sequential                    | 32     | train
8 | gamma                  | Sequential                    | 32     | train
---------------------------------------------------------------------------------
6.5 K     Trainable params
0         Non-trainable params
6.5 K     Total params
0.026     Total estimated model params size (MB)
30        Modules in train mode
0         Modules in eval mode
SLURM auto-requeueing enabled. Setting signal handlers.
`Trainer.fit` stopped: `max_epochs=600` reached.
