GPU available: True (cuda), used: True
TPU available: False, using: 0 TPU cores
HPU available: False, using: 0 HPUs
INFO:datasets:PyTorch version 2.6.0 available.
INFO:easy_tpp.preprocess.data_loader:Train dataset created with 9000 sequences
INFO:easy_tpp.preprocess.data_loader:Validation dataset created with 3000 sequences
LOCAL_RANK: 0 - CUDA_VISIBLE_DEVICES: [0]

  | Name            | Type           | Params | Mode 
-----------------------------------------------------------
0 | layer_type_emb  | Embedding      | 64     | train
1 | event_sampler   | EventSampler   | 0      | train
2 | heads           | ModuleList     | 9.4 K  | train
3 | inten_linear    | Linear         | 65     | train
4 | softplus        | ScaledSoftplus | 1      | train
5 | layer_event_emb | Linear         | 1.6 K  | train
6 | layer_intensity | Sequential     | 66     | train
-----------------------------------------------------------
11.1 K    Trainable params
0         Non-trainable params
11.1 K    Total params
0.044     Total estimated model params size (MB)
23        Modules in train mode
0         Modules in eval mode
SLURM auto-requeueing enabled. Setting signal handlers.
`Trainer.fit` stopped: `max_epochs=600` reached.
